2019-03-05 15:23:35.139 [http-nio-8080-exec-1] DEBUG com.my.blog.website.service.impl.ContentServiceImpl - Enter getContents method
2019-03-05 15:23:35.288 [http-nio-8080-exec-1] ERROR com.my.blog.website.controller.GlobalExceptionHandler - find exception:e=
### Error querying database.  Cause: com.mysql.jdbc.exceptions.jdbc4.MySQLSyntaxErrorException: Unknown column 'measure' in 'field list'
### The error may exist in file [C:\Users\13752\Downloads\my-blog-master-3.5\my-blog-master\target\classes\mapper\ContentVoMapper.xml]
### The error may involve com.my.blog.website.dao.ContentVoMapper.selectByExampleWithBLOBs-Inline
### The error occurred while setting parameters
### SQL: select                 cid, title, slug, created, modified, author_id, type, status, tags, categories, hits,      comments_num, allow_comment, allow_ping, allow_feed         ,           content,measure         from t_contents                    WHERE (  type = ?                                                                and status = ? )                        order by created desc LIMIT 12
### Cause: com.mysql.jdbc.exceptions.jdbc4.MySQLSyntaxErrorException: Unknown column 'measure' in 'field list'
; bad SQL grammar []; nested exception is com.mysql.jdbc.exceptions.jdbc4.MySQLSyntaxErrorException: Unknown column 'measure' in 'field list'
2019-03-05 15:23:49.512 [http-nio-8080-exec-1] INFO  com.my.blog.website.controller.admin.IndexController - Enter admin index method
2019-03-05 15:23:49.512 [http-nio-8080-exec-1] DEBUG com.my.blog.website.service.impl.SiteServiceImpl - Enter recentComments method:limit=5
2019-03-05 15:23:49.517 [http-nio-8080-exec-1] DEBUG com.my.blog.website.service.impl.SiteServiceImpl - Exit recentComments method
2019-03-05 15:23:49.517 [http-nio-8080-exec-1] DEBUG com.my.blog.website.service.impl.SiteServiceImpl - Enter recentContents method
2019-03-05 15:23:49.527 [http-nio-8080-exec-1] DEBUG com.my.blog.website.service.impl.SiteServiceImpl - Exit recentContents method
2019-03-05 15:23:49.527 [http-nio-8080-exec-1] DEBUG com.my.blog.website.service.impl.SiteServiceImpl - Enter getStatistics method
2019-03-05 15:23:49.537 [http-nio-8080-exec-1] DEBUG com.my.blog.website.service.impl.SiteServiceImpl - Exit getStatistics method
2019-03-05 15:23:49.538 [http-nio-8080-exec-1] DEBUG com.my.blog.website.service.impl.LogServiceImpl - Enter getLogs method:page=1,linit=5
2019-03-05 15:23:49.543 [http-nio-8080-exec-1] DEBUG com.my.blog.website.service.impl.LogServiceImpl - Exit getLogs method
2019-03-05 15:23:49.544 [http-nio-8080-exec-1] INFO  com.my.blog.website.controller.admin.IndexController - Exit admin index method
2019-03-05 15:24:05.607 [http-nio-8080-exec-8] ERROR com.my.blog.website.controller.GlobalExceptionHandler - find exception:e=
### Error updating database.  Cause: com.mysql.jdbc.exceptions.jdbc4.MySQLSyntaxErrorException: Unknown column 'measure' in 'field list'
### The error may involve com.my.blog.website.dao.ContentVoMapper.insert-Inline
### The error occurred while setting parameters
### SQL: insert into t_contents (cid, title, slug,        created, modified, author_id,        type, status, tags,        categories, hits, comments_num,        allow_comment, allow_ping, allow_feed,        content,measure)     values (?, ?, ?,        ?, ?, ?,        ?, ?, ?,        ?, ?, ?,        ?, ?, ?,        ?,?)
### Cause: com.mysql.jdbc.exceptions.jdbc4.MySQLSyntaxErrorException: Unknown column 'measure' in 'field list'
; bad SQL grammar []; nested exception is com.mysql.jdbc.exceptions.jdbc4.MySQLSyntaxErrorException: Unknown column 'measure' in 'field list'
2019-03-05 15:24:07.115 [http-nio-8080-exec-10] ERROR com.my.blog.website.controller.GlobalExceptionHandler - find exception:e=
### Error updating database.  Cause: com.mysql.jdbc.exceptions.jdbc4.MySQLSyntaxErrorException: Unknown column 'measure' in 'field list'
### The error may involve com.my.blog.website.dao.ContentVoMapper.insert-Inline
### The error occurred while setting parameters
### SQL: insert into t_contents (cid, title, slug,        created, modified, author_id,        type, status, tags,        categories, hits, comments_num,        allow_comment, allow_ping, allow_feed,        content,measure)     values (?, ?, ?,        ?, ?, ?,        ?, ?, ?,        ?, ?, ?,        ?, ?, ?,        ?,?)
### Cause: com.mysql.jdbc.exceptions.jdbc4.MySQLSyntaxErrorException: Unknown column 'measure' in 'field list'
; bad SQL grammar []; nested exception is com.mysql.jdbc.exceptions.jdbc4.MySQLSyntaxErrorException: Unknown column 'measure' in 'field list'
2019-03-05 15:24:08.945 [http-nio-8080-exec-1] ERROR com.my.blog.website.controller.GlobalExceptionHandler - find exception:e=
### Error updating database.  Cause: com.mysql.jdbc.exceptions.jdbc4.MySQLSyntaxErrorException: Unknown column 'measure' in 'field list'
### The error may involve com.my.blog.website.dao.ContentVoMapper.insert-Inline
### The error occurred while setting parameters
### SQL: insert into t_contents (cid, title, slug,        created, modified, author_id,        type, status, tags,        categories, hits, comments_num,        allow_comment, allow_ping, allow_feed,        content,measure)     values (?, ?, ?,        ?, ?, ?,        ?, ?, ?,        ?, ?, ?,        ?, ?, ?,        ?,?)
### Cause: com.mysql.jdbc.exceptions.jdbc4.MySQLSyntaxErrorException: Unknown column 'measure' in 'field list'
; bad SQL grammar []; nested exception is com.mysql.jdbc.exceptions.jdbc4.MySQLSyntaxErrorException: Unknown column 'measure' in 'field list'
2019-03-05 15:24:10.322 [http-nio-8080-exec-2] ERROR com.my.blog.website.controller.GlobalExceptionHandler - find exception:e=
### Error updating database.  Cause: com.mysql.jdbc.exceptions.jdbc4.MySQLSyntaxErrorException: Unknown column 'measure' in 'field list'
### The error may involve com.my.blog.website.dao.ContentVoMapper.insert-Inline
### The error occurred while setting parameters
### SQL: insert into t_contents (cid, title, slug,        created, modified, author_id,        type, status, tags,        categories, hits, comments_num,        allow_comment, allow_ping, allow_feed,        content,measure)     values (?, ?, ?,        ?, ?, ?,        ?, ?, ?,        ?, ?, ?,        ?, ?, ?,        ?,?)
### Cause: com.mysql.jdbc.exceptions.jdbc4.MySQLSyntaxErrorException: Unknown column 'measure' in 'field list'
; bad SQL grammar []; nested exception is com.mysql.jdbc.exceptions.jdbc4.MySQLSyntaxErrorException: Unknown column 'measure' in 'field list'
2019-03-05 15:24:13.912 [http-nio-8080-exec-4] ERROR com.my.blog.website.controller.GlobalExceptionHandler - find exception:e=
### Error updating database.  Cause: com.mysql.jdbc.exceptions.jdbc4.MySQLSyntaxErrorException: Unknown column 'measure' in 'field list'
### The error may involve com.my.blog.website.dao.ContentVoMapper.insert-Inline
### The error occurred while setting parameters
### SQL: insert into t_contents (cid, title, slug,        created, modified, author_id,        type, status, tags,        categories, hits, comments_num,        allow_comment, allow_ping, allow_feed,        content,measure)     values (?, ?, ?,        ?, ?, ?,        ?, ?, ?,        ?, ?, ?,        ?, ?, ?,        ?,?)
### Cause: com.mysql.jdbc.exceptions.jdbc4.MySQLSyntaxErrorException: Unknown column 'measure' in 'field list'
; bad SQL grammar []; nested exception is com.mysql.jdbc.exceptions.jdbc4.MySQLSyntaxErrorException: Unknown column 'measure' in 'field list'
2019-03-05 15:24:23.168 [http-nio-8080-exec-3] ERROR com.my.blog.website.controller.GlobalExceptionHandler - find exception:e=
### Error updating database.  Cause: com.mysql.jdbc.exceptions.jdbc4.MySQLSyntaxErrorException: Unknown column 'measure' in 'field list'
### The error may involve com.my.blog.website.dao.ContentVoMapper.insert-Inline
### The error occurred while setting parameters
### SQL: insert into t_contents (cid, title, slug,        created, modified, author_id,        type, status, tags,        categories, hits, comments_num,        allow_comment, allow_ping, allow_feed,        content,measure)     values (?, ?, ?,        ?, ?, ?,        ?, ?, ?,        ?, ?, ?,        ?, ?, ?,        ?,?)
### Cause: com.mysql.jdbc.exceptions.jdbc4.MySQLSyntaxErrorException: Unknown column 'measure' in 'field list'
; bad SQL grammar []; nested exception is com.mysql.jdbc.exceptions.jdbc4.MySQLSyntaxErrorException: Unknown column 'measure' in 'field list'
2019-03-05 15:24:24.789 [http-nio-8080-exec-5] ERROR com.my.blog.website.controller.GlobalExceptionHandler - find exception:e=
### Error updating database.  Cause: com.mysql.jdbc.exceptions.jdbc4.MySQLSyntaxErrorException: Unknown column 'measure' in 'field list'
### The error may involve com.my.blog.website.dao.ContentVoMapper.insert-Inline
### The error occurred while setting parameters
### SQL: insert into t_contents (cid, title, slug,        created, modified, author_id,        type, status, tags,        categories, hits, comments_num,        allow_comment, allow_ping, allow_feed,        content,measure)     values (?, ?, ?,        ?, ?, ?,        ?, ?, ?,        ?, ?, ?,        ?, ?, ?,        ?,?)
### Cause: com.mysql.jdbc.exceptions.jdbc4.MySQLSyntaxErrorException: Unknown column 'measure' in 'field list'
; bad SQL grammar []; nested exception is com.mysql.jdbc.exceptions.jdbc4.MySQLSyntaxErrorException: Unknown column 'measure' in 'field list'
2019-03-05 15:24:25.993 [http-nio-8080-exec-7] ERROR com.my.blog.website.controller.GlobalExceptionHandler - find exception:e=
### Error querying database.  Cause: com.mysql.jdbc.exceptions.jdbc4.MySQLSyntaxErrorException: Unknown column 'measure' in 'field list'
### The error may exist in file [C:\Users\13752\Downloads\my-blog-master-3.5\my-blog-master\target\classes\mapper\ContentVoMapper.xml]
### The error may involve com.my.blog.website.dao.ContentVoMapper.selectByExampleWithBLOBs-Inline
### The error occurred while setting parameters
### SQL: select                 cid, title, slug, created, modified, author_id, type, status, tags, categories, hits,      comments_num, allow_comment, allow_ping, allow_feed         ,           content,measure         from t_contents                    WHERE (  type = ? )                        order by created desc LIMIT 15
### Cause: com.mysql.jdbc.exceptions.jdbc4.MySQLSyntaxErrorException: Unknown column 'measure' in 'field list'
; bad SQL grammar []; nested exception is com.mysql.jdbc.exceptions.jdbc4.MySQLSyntaxErrorException: Unknown column 'measure' in 'field list'
2019-03-05 15:24:34.002 [http-nio-8080-exec-9] ERROR com.my.blog.website.controller.GlobalExceptionHandler - find exception:e=
### Error updating database.  Cause: com.mysql.jdbc.exceptions.jdbc4.MySQLSyntaxErrorException: Unknown column 'measure' in 'field list'
### The error may involve com.my.blog.website.dao.ContentVoMapper.insert-Inline
### The error occurred while setting parameters
### SQL: insert into t_contents (cid, title, slug,        created, modified, author_id,        type, status, tags,        categories, hits, comments_num,        allow_comment, allow_ping, allow_feed,        content,measure)     values (?, ?, ?,        ?, ?, ?,        ?, ?, ?,        ?, ?, ?,        ?, ?, ?,        ?,?)
### Cause: com.mysql.jdbc.exceptions.jdbc4.MySQLSyntaxErrorException: Unknown column 'measure' in 'field list'
; bad SQL grammar []; nested exception is com.mysql.jdbc.exceptions.jdbc4.MySQLSyntaxErrorException: Unknown column 'measure' in 'field list'
2019-03-05 15:24:34.879 [http-nio-8080-exec-8] ERROR com.my.blog.website.controller.GlobalExceptionHandler - find exception:e=
### Error updating database.  Cause: com.mysql.jdbc.exceptions.jdbc4.MySQLSyntaxErrorException: Unknown column 'measure' in 'field list'
### The error may involve com.my.blog.website.dao.ContentVoMapper.insert-Inline
### The error occurred while setting parameters
### SQL: insert into t_contents (cid, title, slug,        created, modified, author_id,        type, status, tags,        categories, hits, comments_num,        allow_comment, allow_ping, allow_feed,        content,measure)     values (?, ?, ?,        ?, ?, ?,        ?, ?, ?,        ?, ?, ?,        ?, ?, ?,        ?,?)
### Cause: com.mysql.jdbc.exceptions.jdbc4.MySQLSyntaxErrorException: Unknown column 'measure' in 'field list'
; bad SQL grammar []; nested exception is com.mysql.jdbc.exceptions.jdbc4.MySQLSyntaxErrorException: Unknown column 'measure' in 'field list'
2019-03-05 15:24:35.037 [http-nio-8080-exec-10] ERROR com.my.blog.website.controller.GlobalExceptionHandler - find exception:e=
### Error updating database.  Cause: com.mysql.jdbc.exceptions.jdbc4.MySQLSyntaxErrorException: Unknown column 'measure' in 'field list'
### The error may involve com.my.blog.website.dao.ContentVoMapper.insert-Inline
### The error occurred while setting parameters
### SQL: insert into t_contents (cid, title, slug,        created, modified, author_id,        type, status, tags,        categories, hits, comments_num,        allow_comment, allow_ping, allow_feed,        content,measure)     values (?, ?, ?,        ?, ?, ?,        ?, ?, ?,        ?, ?, ?,        ?, ?, ?,        ?,?)
### Cause: com.mysql.jdbc.exceptions.jdbc4.MySQLSyntaxErrorException: Unknown column 'measure' in 'field list'
; bad SQL grammar []; nested exception is com.mysql.jdbc.exceptions.jdbc4.MySQLSyntaxErrorException: Unknown column 'measure' in 'field list'
2019-03-05 15:24:35.208 [http-nio-8080-exec-1] ERROR com.my.blog.website.controller.GlobalExceptionHandler - find exception:e=
### Error updating database.  Cause: com.mysql.jdbc.exceptions.jdbc4.MySQLSyntaxErrorException: Unknown column 'measure' in 'field list'
### The error may involve com.my.blog.website.dao.ContentVoMapper.insert-Inline
### The error occurred while setting parameters
### SQL: insert into t_contents (cid, title, slug,        created, modified, author_id,        type, status, tags,        categories, hits, comments_num,        allow_comment, allow_ping, allow_feed,        content,measure)     values (?, ?, ?,        ?, ?, ?,        ?, ?, ?,        ?, ?, ?,        ?, ?, ?,        ?,?)
### Cause: com.mysql.jdbc.exceptions.jdbc4.MySQLSyntaxErrorException: Unknown column 'measure' in 'field list'
; bad SQL grammar []; nested exception is com.mysql.jdbc.exceptions.jdbc4.MySQLSyntaxErrorException: Unknown column 'measure' in 'field list'
2019-03-05 15:24:35.393 [http-nio-8080-exec-2] ERROR com.my.blog.website.controller.GlobalExceptionHandler - find exception:e=
### Error updating database.  Cause: com.mysql.jdbc.exceptions.jdbc4.MySQLSyntaxErrorException: Unknown column 'measure' in 'field list'
### The error may involve com.my.blog.website.dao.ContentVoMapper.insert-Inline
### The error occurred while setting parameters
### SQL: insert into t_contents (cid, title, slug,        created, modified, author_id,        type, status, tags,        categories, hits, comments_num,        allow_comment, allow_ping, allow_feed,        content,measure)     values (?, ?, ?,        ?, ?, ?,        ?, ?, ?,        ?, ?, ?,        ?, ?, ?,        ?,?)
### Cause: com.mysql.jdbc.exceptions.jdbc4.MySQLSyntaxErrorException: Unknown column 'measure' in 'field list'
; bad SQL grammar []; nested exception is com.mysql.jdbc.exceptions.jdbc4.MySQLSyntaxErrorException: Unknown column 'measure' in 'field list'
2019-03-05 15:24:35.545 [http-nio-8080-exec-4] ERROR com.my.blog.website.controller.GlobalExceptionHandler - find exception:e=
### Error updating database.  Cause: com.mysql.jdbc.exceptions.jdbc4.MySQLSyntaxErrorException: Unknown column 'measure' in 'field list'
### The error may involve com.my.blog.website.dao.ContentVoMapper.insert-Inline
### The error occurred while setting parameters
### SQL: insert into t_contents (cid, title, slug,        created, modified, author_id,        type, status, tags,        categories, hits, comments_num,        allow_comment, allow_ping, allow_feed,        content,measure)     values (?, ?, ?,        ?, ?, ?,        ?, ?, ?,        ?, ?, ?,        ?, ?, ?,        ?,?)
### Cause: com.mysql.jdbc.exceptions.jdbc4.MySQLSyntaxErrorException: Unknown column 'measure' in 'field list'
; bad SQL grammar []; nested exception is com.mysql.jdbc.exceptions.jdbc4.MySQLSyntaxErrorException: Unknown column 'measure' in 'field list'
2019-03-05 15:24:35.717 [http-nio-8080-exec-3] ERROR com.my.blog.website.controller.GlobalExceptionHandler - find exception:e=
### Error updating database.  Cause: com.mysql.jdbc.exceptions.jdbc4.MySQLSyntaxErrorException: Unknown column 'measure' in 'field list'
### The error may involve com.my.blog.website.dao.ContentVoMapper.insert-Inline
### The error occurred while setting parameters
### SQL: insert into t_contents (cid, title, slug,        created, modified, author_id,        type, status, tags,        categories, hits, comments_num,        allow_comment, allow_ping, allow_feed,        content,measure)     values (?, ?, ?,        ?, ?, ?,        ?, ?, ?,        ?, ?, ?,        ?, ?, ?,        ?,?)
### Cause: com.mysql.jdbc.exceptions.jdbc4.MySQLSyntaxErrorException: Unknown column 'measure' in 'field list'
; bad SQL grammar []; nested exception is com.mysql.jdbc.exceptions.jdbc4.MySQLSyntaxErrorException: Unknown column 'measure' in 'field list'
2019-03-05 15:24:35.935 [http-nio-8080-exec-5] ERROR com.my.blog.website.controller.GlobalExceptionHandler - find exception:e=
### Error updating database.  Cause: com.mysql.jdbc.exceptions.jdbc4.MySQLSyntaxErrorException: Unknown column 'measure' in 'field list'
### The error may involve com.my.blog.website.dao.ContentVoMapper.insert-Inline
### The error occurred while setting parameters
### SQL: insert into t_contents (cid, title, slug,        created, modified, author_id,        type, status, tags,        categories, hits, comments_num,        allow_comment, allow_ping, allow_feed,        content,measure)     values (?, ?, ?,        ?, ?, ?,        ?, ?, ?,        ?, ?, ?,        ?, ?, ?,        ?,?)
### Cause: com.mysql.jdbc.exceptions.jdbc4.MySQLSyntaxErrorException: Unknown column 'measure' in 'field list'
; bad SQL grammar []; nested exception is com.mysql.jdbc.exceptions.jdbc4.MySQLSyntaxErrorException: Unknown column 'measure' in 'field list'
2019-03-05 15:26:04.987 [http-nio-8080-exec-4] INFO  com.my.blog.website.controller.admin.IndexController - Enter admin index method
2019-03-05 15:26:04.987 [http-nio-8080-exec-4] DEBUG com.my.blog.website.service.impl.SiteServiceImpl - Enter recentComments method:limit=5
2019-03-05 15:26:05.005 [http-nio-8080-exec-4] DEBUG com.my.blog.website.service.impl.SiteServiceImpl - Exit recentComments method
2019-03-05 15:26:05.005 [http-nio-8080-exec-4] DEBUG com.my.blog.website.service.impl.SiteServiceImpl - Enter recentContents method
2019-03-05 15:26:05.018 [http-nio-8080-exec-4] DEBUG com.my.blog.website.service.impl.SiteServiceImpl - Exit recentContents method
2019-03-05 15:26:05.018 [http-nio-8080-exec-4] DEBUG com.my.blog.website.service.impl.SiteServiceImpl - Enter getStatistics method
2019-03-05 15:26:05.027 [http-nio-8080-exec-4] DEBUG com.my.blog.website.service.impl.SiteServiceImpl - Exit getStatistics method
2019-03-05 15:26:05.027 [http-nio-8080-exec-4] DEBUG com.my.blog.website.service.impl.LogServiceImpl - Enter getLogs method:page=1,linit=5
2019-03-05 15:26:05.032 [http-nio-8080-exec-4] DEBUG com.my.blog.website.service.impl.LogServiceImpl - Exit getLogs method
2019-03-05 15:26:05.032 [http-nio-8080-exec-4] INFO  com.my.blog.website.controller.admin.IndexController - Exit admin index method
2019-03-05 15:26:18.414 [http-nio-8080-exec-7] ERROR com.my.blog.website.controller.GlobalExceptionHandler - find exception:e=
### Error updating database.  Cause: com.mysql.jdbc.exceptions.jdbc4.MySQLSyntaxErrorException: Unknown column 'measure' in 'field list'
### The error may involve com.my.blog.website.dao.ContentVoMapper.insert-Inline
### The error occurred while setting parameters
### SQL: insert into t_contents (cid, title, slug,        created, modified, author_id,        type, status, tags,        categories, hits, comments_num,        allow_comment, allow_ping, allow_feed,        content,measure)     values (?, ?, ?,        ?, ?, ?,        ?, ?, ?,        ?, ?, ?,        ?, ?, ?,        ?,?)
### Cause: com.mysql.jdbc.exceptions.jdbc4.MySQLSyntaxErrorException: Unknown column 'measure' in 'field list'
; bad SQL grammar []; nested exception is com.mysql.jdbc.exceptions.jdbc4.MySQLSyntaxErrorException: Unknown column 'measure' in 'field list'
2019-03-05 15:26:19.177 [http-nio-8080-exec-8] ERROR com.my.blog.website.controller.GlobalExceptionHandler - find exception:e=
### Error updating database.  Cause: com.mysql.jdbc.exceptions.jdbc4.MySQLSyntaxErrorException: Unknown column 'measure' in 'field list'
### The error may involve com.my.blog.website.dao.ContentVoMapper.insert-Inline
### The error occurred while setting parameters
### SQL: insert into t_contents (cid, title, slug,        created, modified, author_id,        type, status, tags,        categories, hits, comments_num,        allow_comment, allow_ping, allow_feed,        content,measure)     values (?, ?, ?,        ?, ?, ?,        ?, ?, ?,        ?, ?, ?,        ?, ?, ?,        ?,?)
### Cause: com.mysql.jdbc.exceptions.jdbc4.MySQLSyntaxErrorException: Unknown column 'measure' in 'field list'
; bad SQL grammar []; nested exception is com.mysql.jdbc.exceptions.jdbc4.MySQLSyntaxErrorException: Unknown column 'measure' in 'field list'
2019-03-05 15:26:19.424 [http-nio-8080-exec-9] ERROR com.my.blog.website.controller.GlobalExceptionHandler - find exception:e=
### Error updating database.  Cause: com.mysql.jdbc.exceptions.jdbc4.MySQLSyntaxErrorException: Unknown column 'measure' in 'field list'
### The error may involve com.my.blog.website.dao.ContentVoMapper.insert-Inline
### The error occurred while setting parameters
### SQL: insert into t_contents (cid, title, slug,        created, modified, author_id,        type, status, tags,        categories, hits, comments_num,        allow_comment, allow_ping, allow_feed,        content,measure)     values (?, ?, ?,        ?, ?, ?,        ?, ?, ?,        ?, ?, ?,        ?, ?, ?,        ?,?)
### Cause: com.mysql.jdbc.exceptions.jdbc4.MySQLSyntaxErrorException: Unknown column 'measure' in 'field list'
; bad SQL grammar []; nested exception is com.mysql.jdbc.exceptions.jdbc4.MySQLSyntaxErrorException: Unknown column 'measure' in 'field list'
2019-03-05 15:26:19.749 [http-nio-8080-exec-10] ERROR com.my.blog.website.controller.GlobalExceptionHandler - find exception:e=
### Error updating database.  Cause: com.mysql.jdbc.exceptions.jdbc4.MySQLSyntaxErrorException: Unknown column 'measure' in 'field list'
### The error may involve com.my.blog.website.dao.ContentVoMapper.insert-Inline
### The error occurred while setting parameters
### SQL: insert into t_contents (cid, title, slug,        created, modified, author_id,        type, status, tags,        categories, hits, comments_num,        allow_comment, allow_ping, allow_feed,        content,measure)     values (?, ?, ?,        ?, ?, ?,        ?, ?, ?,        ?, ?, ?,        ?, ?, ?,        ?,?)
### Cause: com.mysql.jdbc.exceptions.jdbc4.MySQLSyntaxErrorException: Unknown column 'measure' in 'field list'
; bad SQL grammar []; nested exception is com.mysql.jdbc.exceptions.jdbc4.MySQLSyntaxErrorException: Unknown column 'measure' in 'field list'
2019-03-05 15:26:19.924 [http-nio-8080-exec-1] ERROR com.my.blog.website.controller.GlobalExceptionHandler - find exception:e=
### Error updating database.  Cause: com.mysql.jdbc.exceptions.jdbc4.MySQLSyntaxErrorException: Unknown column 'measure' in 'field list'
### The error may involve com.my.blog.website.dao.ContentVoMapper.insert-Inline
### The error occurred while setting parameters
### SQL: insert into t_contents (cid, title, slug,        created, modified, author_id,        type, status, tags,        categories, hits, comments_num,        allow_comment, allow_ping, allow_feed,        content,measure)     values (?, ?, ?,        ?, ?, ?,        ?, ?, ?,        ?, ?, ?,        ?, ?, ?,        ?,?)
### Cause: com.mysql.jdbc.exceptions.jdbc4.MySQLSyntaxErrorException: Unknown column 'measure' in 'field list'
; bad SQL grammar []; nested exception is com.mysql.jdbc.exceptions.jdbc4.MySQLSyntaxErrorException: Unknown column 'measure' in 'field list'
2019-03-05 15:26:20.103 [http-nio-8080-exec-2] ERROR com.my.blog.website.controller.GlobalExceptionHandler - find exception:e=
### Error updating database.  Cause: com.mysql.jdbc.exceptions.jdbc4.MySQLSyntaxErrorException: Unknown column 'measure' in 'field list'
### The error may involve com.my.blog.website.dao.ContentVoMapper.insert-Inline
### The error occurred while setting parameters
### SQL: insert into t_contents (cid, title, slug,        created, modified, author_id,        type, status, tags,        categories, hits, comments_num,        allow_comment, allow_ping, allow_feed,        content,measure)     values (?, ?, ?,        ?, ?, ?,        ?, ?, ?,        ?, ?, ?,        ?, ?, ?,        ?,?)
### Cause: com.mysql.jdbc.exceptions.jdbc4.MySQLSyntaxErrorException: Unknown column 'measure' in 'field list'
; bad SQL grammar []; nested exception is com.mysql.jdbc.exceptions.jdbc4.MySQLSyntaxErrorException: Unknown column 'measure' in 'field list'
2019-03-05 15:26:20.262 [http-nio-8080-exec-3] ERROR com.my.blog.website.controller.GlobalExceptionHandler - find exception:e=
### Error updating database.  Cause: com.mysql.jdbc.exceptions.jdbc4.MySQLSyntaxErrorException: Unknown column 'measure' in 'field list'
### The error may involve com.my.blog.website.dao.ContentVoMapper.insert-Inline
### The error occurred while setting parameters
### SQL: insert into t_contents (cid, title, slug,        created, modified, author_id,        type, status, tags,        categories, hits, comments_num,        allow_comment, allow_ping, allow_feed,        content,measure)     values (?, ?, ?,        ?, ?, ?,        ?, ?, ?,        ?, ?, ?,        ?, ?, ?,        ?,?)
### Cause: com.mysql.jdbc.exceptions.jdbc4.MySQLSyntaxErrorException: Unknown column 'measure' in 'field list'
; bad SQL grammar []; nested exception is com.mysql.jdbc.exceptions.jdbc4.MySQLSyntaxErrorException: Unknown column 'measure' in 'field list'
2019-03-05 15:27:26.951 [http-nio-8080-exec-5] ERROR com.my.blog.website.controller.GlobalExceptionHandler - find exception:e=
### Error updating database.  Cause: com.mysql.jdbc.exceptions.jdbc4.MySQLSyntaxErrorException: Unknown column 'measure' in 'field list'
### The error may involve com.my.blog.website.dao.ContentVoMapper.insert-Inline
### The error occurred while setting parameters
### SQL: insert into t_contents (cid, title, slug,        created, modified, author_id,        type, status, tags,        categories, hits, comments_num,        allow_comment, allow_ping, allow_feed,        content,measure)     values (?, ?, ?,        ?, ?, ?,        ?, ?, ?,        ?, ?, ?,        ?, ?, ?,        ?,?)
### Cause: com.mysql.jdbc.exceptions.jdbc4.MySQLSyntaxErrorException: Unknown column 'measure' in 'field list'
; bad SQL grammar []; nested exception is com.mysql.jdbc.exceptions.jdbc4.MySQLSyntaxErrorException: Unknown column 'measure' in 'field list'
2019-03-05 15:27:27.092 [http-nio-8080-exec-6] ERROR com.my.blog.website.controller.GlobalExceptionHandler - find exception:e=
### Error updating database.  Cause: com.mysql.jdbc.exceptions.jdbc4.MySQLSyntaxErrorException: Unknown column 'measure' in 'field list'
### The error may involve com.my.blog.website.dao.ContentVoMapper.insert-Inline
### The error occurred while setting parameters
### SQL: insert into t_contents (cid, title, slug,        created, modified, author_id,        type, status, tags,        categories, hits, comments_num,        allow_comment, allow_ping, allow_feed,        content,measure)     values (?, ?, ?,        ?, ?, ?,        ?, ?, ?,        ?, ?, ?,        ?, ?, ?,        ?,?)
### Cause: com.mysql.jdbc.exceptions.jdbc4.MySQLSyntaxErrorException: Unknown column 'measure' in 'field list'
; bad SQL grammar []; nested exception is com.mysql.jdbc.exceptions.jdbc4.MySQLSyntaxErrorException: Unknown column 'measure' in 'field list'
2019-03-05 15:27:27.263 [http-nio-8080-exec-7] ERROR com.my.blog.website.controller.GlobalExceptionHandler - find exception:e=
### Error updating database.  Cause: com.mysql.jdbc.exceptions.jdbc4.MySQLSyntaxErrorException: Unknown column 'measure' in 'field list'
### The error may involve com.my.blog.website.dao.ContentVoMapper.insert-Inline
### The error occurred while setting parameters
### SQL: insert into t_contents (cid, title, slug,        created, modified, author_id,        type, status, tags,        categories, hits, comments_num,        allow_comment, allow_ping, allow_feed,        content,measure)     values (?, ?, ?,        ?, ?, ?,        ?, ?, ?,        ?, ?, ?,        ?, ?, ?,        ?,?)
### Cause: com.mysql.jdbc.exceptions.jdbc4.MySQLSyntaxErrorException: Unknown column 'measure' in 'field list'
; bad SQL grammar []; nested exception is com.mysql.jdbc.exceptions.jdbc4.MySQLSyntaxErrorException: Unknown column 'measure' in 'field list'
2019-03-05 15:27:27.452 [http-nio-8080-exec-8] ERROR com.my.blog.website.controller.GlobalExceptionHandler - find exception:e=
### Error updating database.  Cause: com.mysql.jdbc.exceptions.jdbc4.MySQLSyntaxErrorException: Unknown column 'measure' in 'field list'
### The error may involve com.my.blog.website.dao.ContentVoMapper.insert-Inline
### The error occurred while setting parameters
### SQL: insert into t_contents (cid, title, slug,        created, modified, author_id,        type, status, tags,        categories, hits, comments_num,        allow_comment, allow_ping, allow_feed,        content,measure)     values (?, ?, ?,        ?, ?, ?,        ?, ?, ?,        ?, ?, ?,        ?, ?, ?,        ?,?)
### Cause: com.mysql.jdbc.exceptions.jdbc4.MySQLSyntaxErrorException: Unknown column 'measure' in 'field list'
; bad SQL grammar []; nested exception is com.mysql.jdbc.exceptions.jdbc4.MySQLSyntaxErrorException: Unknown column 'measure' in 'field list'
2019-03-05 15:27:27.768 [http-nio-8080-exec-9] ERROR com.my.blog.website.controller.GlobalExceptionHandler - find exception:e=
### Error updating database.  Cause: com.mysql.jdbc.exceptions.jdbc4.MySQLSyntaxErrorException: Unknown column 'measure' in 'field list'
### The error may involve com.my.blog.website.dao.ContentVoMapper.insert-Inline
### The error occurred while setting parameters
### SQL: insert into t_contents (cid, title, slug,        created, modified, author_id,        type, status, tags,        categories, hits, comments_num,        allow_comment, allow_ping, allow_feed,        content,measure)     values (?, ?, ?,        ?, ?, ?,        ?, ?, ?,        ?, ?, ?,        ?, ?, ?,        ?,?)
### Cause: com.mysql.jdbc.exceptions.jdbc4.MySQLSyntaxErrorException: Unknown column 'measure' in 'field list'
; bad SQL grammar []; nested exception is com.mysql.jdbc.exceptions.jdbc4.MySQLSyntaxErrorException: Unknown column 'measure' in 'field list'
2019-03-05 15:27:27.983 [http-nio-8080-exec-10] ERROR com.my.blog.website.controller.GlobalExceptionHandler - find exception:e=
### Error updating database.  Cause: com.mysql.jdbc.exceptions.jdbc4.MySQLSyntaxErrorException: Unknown column 'measure' in 'field list'
### The error may involve com.my.blog.website.dao.ContentVoMapper.insert-Inline
### The error occurred while setting parameters
### SQL: insert into t_contents (cid, title, slug,        created, modified, author_id,        type, status, tags,        categories, hits, comments_num,        allow_comment, allow_ping, allow_feed,        content,measure)     values (?, ?, ?,        ?, ?, ?,        ?, ?, ?,        ?, ?, ?,        ?, ?, ?,        ?,?)
### Cause: com.mysql.jdbc.exceptions.jdbc4.MySQLSyntaxErrorException: Unknown column 'measure' in 'field list'
; bad SQL grammar []; nested exception is com.mysql.jdbc.exceptions.jdbc4.MySQLSyntaxErrorException: Unknown column 'measure' in 'field list'
2019-03-05 22:27:25.812 [http-nio-8080-exec-4] INFO  com.my.blog.website.controller.admin.IndexController - Enter admin index method
2019-03-05 22:27:25.813 [http-nio-8080-exec-4] DEBUG com.my.blog.website.service.impl.SiteServiceImpl - Enter recentComments method:limit=5
2019-03-05 22:27:25.839 [http-nio-8080-exec-4] DEBUG com.my.blog.website.service.impl.SiteServiceImpl - Exit recentComments method
2019-03-05 22:27:25.839 [http-nio-8080-exec-4] DEBUG com.my.blog.website.service.impl.SiteServiceImpl - Enter recentContents method
2019-03-05 22:27:25.850 [http-nio-8080-exec-4] DEBUG com.my.blog.website.service.impl.SiteServiceImpl - Exit recentContents method
2019-03-05 22:27:25.850 [http-nio-8080-exec-4] DEBUG com.my.blog.website.service.impl.SiteServiceImpl - Enter getStatistics method
2019-03-05 22:27:25.860 [http-nio-8080-exec-4] DEBUG com.my.blog.website.service.impl.SiteServiceImpl - Exit getStatistics method
2019-03-05 22:27:25.860 [http-nio-8080-exec-4] DEBUG com.my.blog.website.service.impl.LogServiceImpl - Enter getLogs method:page=1,linit=5
2019-03-05 22:27:25.864 [http-nio-8080-exec-4] DEBUG com.my.blog.website.service.impl.LogServiceImpl - Exit getLogs method
2019-03-05 22:27:25.864 [http-nio-8080-exec-4] INFO  com.my.blog.website.controller.admin.IndexController - Exit admin index method
2019-03-05 22:27:42.312 [http-nio-8080-exec-7] DEBUG com.my.blog.website.service.impl.RelationshipServiceImpl - Enter countById method:cid=8,mid=7
2019-03-05 22:27:42.317 [http-nio-8080-exec-7] DEBUG com.my.blog.website.service.impl.RelationshipServiceImpl - Exit countById method return num=0
2019-03-05 22:29:47.187 [http-nio-8080-exec-9] DEBUG com.my.blog.website.service.impl.RelationshipServiceImpl - Enter countById method:cid=9,mid=1
2019-03-05 22:29:47.190 [http-nio-8080-exec-9] DEBUG com.my.blog.website.service.impl.RelationshipServiceImpl - Exit countById method return num=0
2019-03-05 22:32:35.518 [http-nio-8080-exec-1] ERROR com.my.blog.website.controller.GlobalExceptionHandler - find exception:e=begin 0, end -1, length 13
2019-03-05 22:32:36.925 [http-nio-8080-exec-2] ERROR com.my.blog.website.controller.GlobalExceptionHandler - find exception:e=begin 0, end -1, length 13
2019-03-05 22:32:39.216 [http-nio-8080-exec-3] ERROR com.my.blog.website.controller.GlobalExceptionHandler - find exception:e=begin 0, end -1, length 13
2019-03-05 22:32:44.730 [http-nio-8080-exec-4] ERROR com.my.blog.website.controller.GlobalExceptionHandler - find exception:e=begin 0, end -1, length 13
2019-03-05 22:32:45.126 [http-nio-8080-exec-5] ERROR com.my.blog.website.controller.GlobalExceptionHandler - find exception:e=begin 0, end -1, length 13
2019-03-05 22:32:45.274 [http-nio-8080-exec-6] ERROR com.my.blog.website.controller.GlobalExceptionHandler - find exception:e=begin 0, end -1, length 13
2019-03-05 22:32:45.416 [http-nio-8080-exec-7] ERROR com.my.blog.website.controller.GlobalExceptionHandler - find exception:e=begin 0, end -1, length 13
2019-03-05 22:32:50.205 [http-nio-8080-exec-8] ERROR com.my.blog.website.controller.GlobalExceptionHandler - find exception:e=begin 0, end -1, length 13
2019-03-05 22:33:02.615 [http-nio-8080-exec-2] ERROR com.my.blog.website.controller.GlobalExceptionHandler - find exception:e=begin 0, end -1, length 13
2019-03-05 22:33:17.588 [http-nio-8080-exec-1] ERROR com.my.blog.website.controller.GlobalExceptionHandler - find exception:e=begin 0, end -1, length 13
2019-03-05 22:33:26.829 [http-nio-8080-exec-2] ERROR com.my.blog.website.controller.GlobalExceptionHandler - find exception:e=begin 0, end -1, length 13
2019-03-05 22:33:35.621 [http-nio-8080-exec-6] INFO  com.my.blog.website.controller.admin.IndexController - Enter admin index method
2019-03-05 22:33:35.621 [http-nio-8080-exec-6] DEBUG com.my.blog.website.service.impl.SiteServiceImpl - Enter recentComments method:limit=5
2019-03-05 22:33:35.624 [http-nio-8080-exec-6] DEBUG com.my.blog.website.service.impl.SiteServiceImpl - Exit recentComments method
2019-03-05 22:33:35.624 [http-nio-8080-exec-6] DEBUG com.my.blog.website.service.impl.SiteServiceImpl - Enter recentContents method
2019-03-05 22:33:35.626 [http-nio-8080-exec-6] DEBUG com.my.blog.website.service.impl.SiteServiceImpl - Exit recentContents method
2019-03-05 22:33:35.627 [http-nio-8080-exec-6] DEBUG com.my.blog.website.service.impl.SiteServiceImpl - Enter getStatistics method
2019-03-05 22:33:35.632 [http-nio-8080-exec-6] DEBUG com.my.blog.website.service.impl.SiteServiceImpl - Exit getStatistics method
2019-03-05 22:33:35.632 [http-nio-8080-exec-6] DEBUG com.my.blog.website.service.impl.LogServiceImpl - Enter getLogs method:page=1,linit=5
2019-03-05 22:33:35.636 [http-nio-8080-exec-6] DEBUG com.my.blog.website.service.impl.LogServiceImpl - Exit getLogs method
2019-03-05 22:33:35.636 [http-nio-8080-exec-6] INFO  com.my.blog.website.controller.admin.IndexController - Exit admin index method
2019-03-05 22:33:44.139 [http-nio-8080-exec-8] ERROR com.my.blog.website.controller.GlobalExceptionHandler - find exception:e=begin 0, end -1, length 13
2019-03-05 22:33:44.773 [http-nio-8080-exec-10] ERROR com.my.blog.website.controller.GlobalExceptionHandler - find exception:e=begin 0, end -1, length 13
2019-03-05 22:33:44.915 [http-nio-8080-exec-1] ERROR com.my.blog.website.controller.GlobalExceptionHandler - find exception:e=begin 0, end -1, length 13
2019-03-05 22:33:45.055 [http-nio-8080-exec-2] ERROR com.my.blog.website.controller.GlobalExceptionHandler - find exception:e=begin 0, end -1, length 13
2019-03-05 22:34:02.522 [http-nio-8080-exec-5] INFO  com.my.blog.website.controller.admin.IndexController - Enter admin index method
2019-03-05 22:34:02.522 [http-nio-8080-exec-5] DEBUG com.my.blog.website.service.impl.SiteServiceImpl - Enter recentComments method:limit=5
2019-03-05 22:34:02.542 [http-nio-8080-exec-5] DEBUG com.my.blog.website.service.impl.SiteServiceImpl - Exit recentComments method
2019-03-05 22:34:02.542 [http-nio-8080-exec-5] DEBUG com.my.blog.website.service.impl.SiteServiceImpl - Enter recentContents method
2019-03-05 22:34:02.552 [http-nio-8080-exec-5] DEBUG com.my.blog.website.service.impl.SiteServiceImpl - Exit recentContents method
2019-03-05 22:34:02.552 [http-nio-8080-exec-5] DEBUG com.my.blog.website.service.impl.SiteServiceImpl - Enter getStatistics method
2019-03-05 22:34:02.564 [http-nio-8080-exec-5] DEBUG com.my.blog.website.service.impl.SiteServiceImpl - Exit getStatistics method
2019-03-05 22:34:02.564 [http-nio-8080-exec-5] DEBUG com.my.blog.website.service.impl.LogServiceImpl - Enter getLogs method:page=1,linit=5
2019-03-05 22:34:02.567 [http-nio-8080-exec-5] DEBUG com.my.blog.website.service.impl.LogServiceImpl - Exit getLogs method
2019-03-05 22:34:02.567 [http-nio-8080-exec-5] INFO  com.my.blog.website.controller.admin.IndexController - Exit admin index method
2019-03-05 22:34:09.279 [http-nio-8080-exec-7] ERROR com.my.blog.website.controller.GlobalExceptionHandler - find exception:e=begin 0, end -1, length 13
2019-03-05 22:34:10.016 [http-nio-8080-exec-8] ERROR com.my.blog.website.controller.GlobalExceptionHandler - find exception:e=begin 0, end -1, length 13
2019-03-05 22:34:10.157 [http-nio-8080-exec-9] ERROR com.my.blog.website.controller.GlobalExceptionHandler - find exception:e=begin 0, end -1, length 13
2019-03-05 22:34:10.300 [http-nio-8080-exec-10] ERROR com.my.blog.website.controller.GlobalExceptionHandler - find exception:e=begin 0, end -1, length 13
2019-03-05 22:34:10.451 [http-nio-8080-exec-1] ERROR com.my.blog.website.controller.GlobalExceptionHandler - find exception:e=begin 0, end -1, length 13
2019-03-05 22:34:14.144 [http-nio-8080-exec-3] ERROR com.my.blog.website.controller.GlobalExceptionHandler - find exception:e=begin 0, end -1, length 13
2019-03-05 22:34:14.282 [http-nio-8080-exec-4] ERROR com.my.blog.website.controller.GlobalExceptionHandler - find exception:e=begin 0, end -1, length 13
2019-03-05 22:34:14.434 [http-nio-8080-exec-5] ERROR com.my.blog.website.controller.GlobalExceptionHandler - find exception:e=begin 0, end -1, length 13
2019-03-05 22:35:47.376 [http-nio-8080-exec-7] INFO  com.my.blog.website.controller.admin.IndexController - Enter admin index method
2019-03-05 22:35:47.376 [http-nio-8080-exec-7] DEBUG com.my.blog.website.service.impl.SiteServiceImpl - Enter recentComments method:limit=5
2019-03-05 22:35:47.401 [http-nio-8080-exec-7] DEBUG com.my.blog.website.service.impl.SiteServiceImpl - Exit recentComments method
2019-03-05 22:35:47.401 [http-nio-8080-exec-7] DEBUG com.my.blog.website.service.impl.SiteServiceImpl - Enter recentContents method
2019-03-05 22:35:47.412 [http-nio-8080-exec-7] DEBUG com.my.blog.website.service.impl.SiteServiceImpl - Exit recentContents method
2019-03-05 22:35:47.412 [http-nio-8080-exec-7] DEBUG com.my.blog.website.service.impl.SiteServiceImpl - Enter getStatistics method
2019-03-05 22:35:47.424 [http-nio-8080-exec-7] DEBUG com.my.blog.website.service.impl.SiteServiceImpl - Exit getStatistics method
2019-03-05 22:35:47.424 [http-nio-8080-exec-7] DEBUG com.my.blog.website.service.impl.LogServiceImpl - Enter getLogs method:page=1,linit=5
2019-03-05 22:35:47.429 [http-nio-8080-exec-7] DEBUG com.my.blog.website.service.impl.LogServiceImpl - Exit getLogs method
2019-03-05 22:35:47.429 [http-nio-8080-exec-7] INFO  com.my.blog.website.controller.admin.IndexController - Exit admin index method
2019-03-05 22:35:56.445 [http-nio-8080-exec-9] DEBUG com.my.blog.website.service.impl.RelationshipServiceImpl - Enter countById method:cid=10,mid=7
2019-03-05 22:35:56.449 [http-nio-8080-exec-9] DEBUG com.my.blog.website.service.impl.RelationshipServiceImpl - Exit countById method return num=0
2019-03-05 22:36:15.832 [http-nio-8080-exec-2] ERROR com.my.blog.website.controller.GlobalExceptionHandler - find exception:e=begin 0, end -1, length 13
2019-03-05 22:36:17.929 [http-nio-8080-exec-4] ERROR com.my.blog.website.controller.GlobalExceptionHandler - find exception:e=begin 0, end -1, length 13
2019-03-05 22:36:18.076 [http-nio-8080-exec-5] ERROR com.my.blog.website.controller.GlobalExceptionHandler - find exception:e=begin 0, end -1, length 13
2019-03-05 22:36:18.218 [http-nio-8080-exec-6] ERROR com.my.blog.website.controller.GlobalExceptionHandler - find exception:e=begin 0, end -1, length 13
2019-03-05 22:36:18.381 [http-nio-8080-exec-7] ERROR com.my.blog.website.controller.GlobalExceptionHandler - find exception:e=begin 0, end -1, length 13
2019-03-05 22:37:15.331 [http-nio-8080-exec-7] INFO  com.my.blog.website.controller.admin.IndexController - Enter admin index method
2019-03-05 22:37:15.331 [http-nio-8080-exec-7] DEBUG com.my.blog.website.service.impl.SiteServiceImpl - Enter recentComments method:limit=5
2019-03-05 22:37:15.333 [http-nio-8080-exec-7] DEBUG com.my.blog.website.service.impl.SiteServiceImpl - Exit recentComments method
2019-03-05 22:37:15.333 [http-nio-8080-exec-7] DEBUG com.my.blog.website.service.impl.SiteServiceImpl - Enter recentContents method
2019-03-05 22:37:15.337 [http-nio-8080-exec-7] DEBUG com.my.blog.website.service.impl.SiteServiceImpl - Exit recentContents method
2019-03-05 22:37:15.337 [http-nio-8080-exec-7] DEBUG com.my.blog.website.service.impl.SiteServiceImpl - Enter getStatistics method
2019-03-05 22:37:15.341 [http-nio-8080-exec-7] DEBUG com.my.blog.website.service.impl.SiteServiceImpl - Exit getStatistics method
2019-03-05 22:37:15.341 [http-nio-8080-exec-7] DEBUG com.my.blog.website.service.impl.LogServiceImpl - Enter getLogs method:page=1,linit=5
2019-03-05 22:37:15.343 [http-nio-8080-exec-7] DEBUG com.my.blog.website.service.impl.LogServiceImpl - Exit getLogs method
2019-03-05 22:37:15.343 [http-nio-8080-exec-7] INFO  com.my.blog.website.controller.admin.IndexController - Exit admin index method
2019-03-05 22:37:27.080 [http-nio-8080-exec-7] ERROR com.my.blog.website.controller.GlobalExceptionHandler - find exception:e=begin 0, end -1, length 13
2019-03-05 22:37:28.000 [http-nio-8080-exec-10] ERROR com.my.blog.website.controller.GlobalExceptionHandler - find exception:e=begin 0, end -1, length 13
2019-03-05 22:37:28.153 [http-nio-8080-exec-6] ERROR com.my.blog.website.controller.GlobalExceptionHandler - find exception:e=begin 0, end -1, length 13
2019-03-05 22:37:28.312 [http-nio-8080-exec-4] ERROR com.my.blog.website.controller.GlobalExceptionHandler - find exception:e=begin 0, end -1, length 13
2019-03-05 22:37:28.453 [http-nio-8080-exec-9] ERROR com.my.blog.website.controller.GlobalExceptionHandler - find exception:e=begin 0, end -1, length 13
2019-03-05 22:38:47.934 [http-nio-8080-exec-7] INFO  com.my.blog.website.controller.admin.IndexController - Enter admin index method
2019-03-05 22:38:47.935 [http-nio-8080-exec-7] DEBUG com.my.blog.website.service.impl.SiteServiceImpl - Enter recentComments method:limit=5
2019-03-05 22:38:47.953 [http-nio-8080-exec-7] DEBUG com.my.blog.website.service.impl.SiteServiceImpl - Exit recentComments method
2019-03-05 22:38:47.953 [http-nio-8080-exec-7] DEBUG com.my.blog.website.service.impl.SiteServiceImpl - Enter recentContents method
2019-03-05 22:38:47.962 [http-nio-8080-exec-7] DEBUG com.my.blog.website.service.impl.SiteServiceImpl - Exit recentContents method
2019-03-05 22:38:47.962 [http-nio-8080-exec-7] DEBUG com.my.blog.website.service.impl.SiteServiceImpl - Enter getStatistics method
2019-03-05 22:38:47.971 [http-nio-8080-exec-7] DEBUG com.my.blog.website.service.impl.SiteServiceImpl - Exit getStatistics method
2019-03-05 22:38:47.972 [http-nio-8080-exec-7] DEBUG com.my.blog.website.service.impl.LogServiceImpl - Enter getLogs method:page=1,linit=5
2019-03-05 22:38:47.975 [http-nio-8080-exec-7] DEBUG com.my.blog.website.service.impl.LogServiceImpl - Exit getLogs method
2019-03-05 22:38:47.975 [http-nio-8080-exec-7] INFO  com.my.blog.website.controller.admin.IndexController - Exit admin index method
2019-03-05 22:38:56.764 [http-nio-8080-exec-9] ERROR com.my.blog.website.controller.GlobalExceptionHandler - find exception:e=begin 0, end -1, length 13
2019-03-05 22:40:32.663 [http-nio-8080-exec-7] INFO  com.my.blog.website.controller.admin.IndexController - Enter admin index method
2019-03-05 22:40:32.663 [http-nio-8080-exec-7] DEBUG com.my.blog.website.service.impl.SiteServiceImpl - Enter recentComments method:limit=5
2019-03-05 22:40:32.680 [http-nio-8080-exec-7] DEBUG com.my.blog.website.service.impl.SiteServiceImpl - Exit recentComments method
2019-03-05 22:40:32.680 [http-nio-8080-exec-7] DEBUG com.my.blog.website.service.impl.SiteServiceImpl - Enter recentContents method
2019-03-05 22:40:32.695 [http-nio-8080-exec-7] DEBUG com.my.blog.website.service.impl.SiteServiceImpl - Exit recentContents method
2019-03-05 22:40:32.695 [http-nio-8080-exec-7] DEBUG com.my.blog.website.service.impl.SiteServiceImpl - Enter getStatistics method
2019-03-05 22:40:32.703 [http-nio-8080-exec-7] DEBUG com.my.blog.website.service.impl.SiteServiceImpl - Exit getStatistics method
2019-03-05 22:40:32.704 [http-nio-8080-exec-7] DEBUG com.my.blog.website.service.impl.LogServiceImpl - Enter getLogs method:page=1,linit=5
2019-03-05 22:40:32.711 [http-nio-8080-exec-7] DEBUG com.my.blog.website.service.impl.LogServiceImpl - Exit getLogs method
2019-03-05 22:40:32.711 [http-nio-8080-exec-7] INFO  com.my.blog.website.controller.admin.IndexController - Exit admin index method
2019-03-05 22:40:42.944 [http-nio-8080-exec-9] ERROR com.my.blog.website.controller.GlobalExceptionHandler - find exception:e=begin 0, end -1, length 13
2019-03-05 22:40:44.572 [http-nio-8080-exec-10] ERROR com.my.blog.website.controller.GlobalExceptionHandler - find exception:e=begin 0, end -1, length 13
2019-03-05 22:40:44.745 [http-nio-8080-exec-1] ERROR com.my.blog.website.controller.GlobalExceptionHandler - find exception:e=begin 0, end -1, length 13
2019-03-05 22:40:44.880 [http-nio-8080-exec-3] ERROR com.my.blog.website.controller.GlobalExceptionHandler - find exception:e=begin 0, end -1, length 13
2019-03-05 22:40:45.017 [http-nio-8080-exec-2] ERROR com.my.blog.website.controller.GlobalExceptionHandler - find exception:e=begin 0, end -1, length 13
2019-03-05 22:41:07.268 [http-nio-8080-exec-4] ERROR com.my.blog.website.controller.GlobalExceptionHandler - find exception:e=begin 0, end -1, length 13
2019-03-05 22:41:07.427 [http-nio-8080-exec-5] ERROR com.my.blog.website.controller.GlobalExceptionHandler - find exception:e=begin 0, end -1, length 13
2019-03-05 22:41:07.545 [http-nio-8080-exec-6] ERROR com.my.blog.website.controller.GlobalExceptionHandler - find exception:e=begin 0, end -1, length 13
2019-03-05 22:41:07.675 [http-nio-8080-exec-7] ERROR com.my.blog.website.controller.GlobalExceptionHandler - find exception:e=begin 0, end -1, length 13
2019-03-05 22:41:07.833 [http-nio-8080-exec-8] ERROR com.my.blog.website.controller.GlobalExceptionHandler - find exception:e=begin 0, end -1, length 13
2019-03-05 22:41:07.987 [http-nio-8080-exec-9] ERROR com.my.blog.website.controller.GlobalExceptionHandler - find exception:e=begin 0, end -1, length 13
2019-03-05 22:41:08.139 [http-nio-8080-exec-10] ERROR com.my.blog.website.controller.GlobalExceptionHandler - find exception:e=begin 0, end -1, length 13
2019-03-05 22:41:08.289 [http-nio-8080-exec-1] ERROR com.my.blog.website.controller.GlobalExceptionHandler - find exception:e=begin 0, end -1, length 13
2019-03-05 22:41:08.466 [http-nio-8080-exec-3] ERROR com.my.blog.website.controller.GlobalExceptionHandler - find exception:e=begin 0, end -1, length 13
2019-03-05 22:41:08.954 [http-nio-8080-exec-2] ERROR com.my.blog.website.controller.GlobalExceptionHandler - find exception:e=begin 0, end -1, length 13
2019-03-05 22:41:09.127 [http-nio-8080-exec-4] ERROR com.my.blog.website.controller.GlobalExceptionHandler - find exception:e=begin 0, end -1, length 13
2019-03-05 22:41:09.265 [http-nio-8080-exec-5] ERROR com.my.blog.website.controller.GlobalExceptionHandler - find exception:e=begin 0, end -1, length 13
2019-03-05 22:41:09.598 [http-nio-8080-exec-6] ERROR com.my.blog.website.controller.GlobalExceptionHandler - find exception:e=begin 0, end -1, length 13
2019-03-05 22:41:54.748 [http-nio-8080-exec-1] ERROR com.my.blog.website.controller.GlobalExceptionHandler - find exception:e=begin 0, end -1, length 13
2019-03-05 22:41:55.442 [http-nio-8080-exec-3] ERROR com.my.blog.website.controller.GlobalExceptionHandler - find exception:e=begin 0, end -1, length 13
2019-03-05 22:41:55.628 [http-nio-8080-exec-2] ERROR com.my.blog.website.controller.GlobalExceptionHandler - find exception:e=begin 0, end -1, length 13
2019-03-05 22:41:55.820 [http-nio-8080-exec-4] ERROR com.my.blog.website.controller.GlobalExceptionHandler - find exception:e=begin 0, end -1, length 13
2019-03-05 22:41:55.978 [http-nio-8080-exec-5] ERROR com.my.blog.website.controller.GlobalExceptionHandler - find exception:e=begin 0, end -1, length 13
2019-03-05 22:42:06.407 [http-nio-8080-exec-7] ERROR com.my.blog.website.controller.GlobalExceptionHandler - find exception:e=begin 0, end -1, length 13
2019-03-05 22:42:06.986 [http-nio-8080-exec-8] ERROR com.my.blog.website.controller.GlobalExceptionHandler - find exception:e=begin 0, end -1, length 13
2019-03-05 22:42:07.118 [http-nio-8080-exec-9] ERROR com.my.blog.website.controller.GlobalExceptionHandler - find exception:e=begin 0, end -1, length 13
2019-03-05 22:42:07.260 [http-nio-8080-exec-10] ERROR com.my.blog.website.controller.GlobalExceptionHandler - find exception:e=begin 0, end -1, length 13
2019-03-05 22:42:11.984 [http-nio-8080-exec-1] ERROR com.my.blog.website.controller.GlobalExceptionHandler - find exception:e=begin 0, end -1, length 13
2019-03-05 22:42:12.259 [http-nio-8080-exec-3] ERROR com.my.blog.website.controller.GlobalExceptionHandler - find exception:e=begin 0, end -1, length 13
2019-03-05 22:42:12.409 [http-nio-8080-exec-2] ERROR com.my.blog.website.controller.GlobalExceptionHandler - find exception:e=begin 0, end -1, length 13
2019-03-05 22:42:12.555 [http-nio-8080-exec-4] ERROR com.my.blog.website.controller.GlobalExceptionHandler - find exception:e=begin 0, end -1, length 13
2019-03-05 22:45:01.404 [http-nio-8080-exec-4] INFO  com.my.blog.website.controller.admin.IndexController - Enter admin index method
2019-03-05 22:45:01.404 [http-nio-8080-exec-4] DEBUG com.my.blog.website.service.impl.SiteServiceImpl - Enter recentComments method:limit=5
2019-03-05 22:45:01.424 [http-nio-8080-exec-4] DEBUG com.my.blog.website.service.impl.SiteServiceImpl - Exit recentComments method
2019-03-05 22:45:01.424 [http-nio-8080-exec-4] DEBUG com.my.blog.website.service.impl.SiteServiceImpl - Enter recentContents method
2019-03-05 22:45:01.434 [http-nio-8080-exec-4] DEBUG com.my.blog.website.service.impl.SiteServiceImpl - Exit recentContents method
2019-03-05 22:45:01.434 [http-nio-8080-exec-4] DEBUG com.my.blog.website.service.impl.SiteServiceImpl - Enter getStatistics method
2019-03-05 22:45:01.444 [http-nio-8080-exec-4] DEBUG com.my.blog.website.service.impl.SiteServiceImpl - Exit getStatistics method
2019-03-05 22:45:01.445 [http-nio-8080-exec-4] DEBUG com.my.blog.website.service.impl.LogServiceImpl - Enter getLogs method:page=1,linit=5
2019-03-05 22:45:01.448 [http-nio-8080-exec-4] DEBUG com.my.blog.website.service.impl.LogServiceImpl - Exit getLogs method
2019-03-05 22:45:01.448 [http-nio-8080-exec-4] INFO  com.my.blog.website.controller.admin.IndexController - Exit admin index method
2019-03-05 22:45:23.326 [http-nio-8080-exec-7] ERROR com.my.blog.website.controller.GlobalExceptionHandler - find exception:e=begin 0, end -1, length 13
2019-03-05 22:45:23.895 [http-nio-8080-exec-8] ERROR com.my.blog.website.controller.GlobalExceptionHandler - find exception:e=begin 0, end -1, length 13
2019-03-05 22:45:24.040 [http-nio-8080-exec-9] ERROR com.my.blog.website.controller.GlobalExceptionHandler - find exception:e=begin 0, end -1, length 13
2019-03-05 22:45:24.197 [http-nio-8080-exec-10] ERROR com.my.blog.website.controller.GlobalExceptionHandler - find exception:e=begin 0, end -1, length 13
2019-03-05 22:45:24.358 [http-nio-8080-exec-1] ERROR com.my.blog.website.controller.GlobalExceptionHandler - find exception:e=begin 0, end -1, length 13
2019-03-05 22:45:25.070 [http-nio-8080-exec-2] ERROR com.my.blog.website.controller.GlobalExceptionHandler - find exception:e=begin 0, end -1, length 13
2019-03-05 22:45:25.231 [http-nio-8080-exec-3] ERROR com.my.blog.website.controller.GlobalExceptionHandler - find exception:e=begin 0, end -1, length 13
2019-03-05 22:45:25.380 [http-nio-8080-exec-4] ERROR com.my.blog.website.controller.GlobalExceptionHandler - find exception:e=begin 0, end -1, length 13
2019-03-05 22:45:25.517 [http-nio-8080-exec-5] ERROR com.my.blog.website.controller.GlobalExceptionHandler - find exception:e=begin 0, end -1, length 13
2019-03-05 22:45:25.677 [http-nio-8080-exec-6] ERROR com.my.blog.website.controller.GlobalExceptionHandler - find exception:e=begin 0, end -1, length 13
2019-03-05 22:45:25.829 [http-nio-8080-exec-7] ERROR com.my.blog.website.controller.GlobalExceptionHandler - find exception:e=begin 0, end -1, length 13
2019-03-05 22:45:25.980 [http-nio-8080-exec-8] ERROR com.my.blog.website.controller.GlobalExceptionHandler - find exception:e=begin 0, end -1, length 13
2019-03-05 22:45:26.997 [http-nio-8080-exec-9] ERROR com.my.blog.website.controller.GlobalExceptionHandler - find exception:e=begin 0, end -1, length 13
2019-03-05 22:45:27.142 [http-nio-8080-exec-10] ERROR com.my.blog.website.controller.GlobalExceptionHandler - find exception:e=begin 0, end -1, length 13
2019-03-05 22:45:27.280 [http-nio-8080-exec-1] ERROR com.my.blog.website.controller.GlobalExceptionHandler - find exception:e=begin 0, end -1, length 13
2019-03-05 22:45:27.730 [http-nio-8080-exec-2] ERROR com.my.blog.website.controller.GlobalExceptionHandler - find exception:e=begin 0, end -1, length 13
2019-03-05 22:45:27.884 [http-nio-8080-exec-3] ERROR com.my.blog.website.controller.GlobalExceptionHandler - find exception:e=begin 0, end -1, length 13
2019-03-05 22:45:28.279 [http-nio-8080-exec-4] ERROR com.my.blog.website.controller.GlobalExceptionHandler - find exception:e=begin 0, end -1, length 13
2019-03-05 22:45:28.424 [http-nio-8080-exec-5] ERROR com.my.blog.website.controller.GlobalExceptionHandler - find exception:e=begin 0, end -1, length 13
2019-03-05 22:45:28.574 [http-nio-8080-exec-6] ERROR com.my.blog.website.controller.GlobalExceptionHandler - find exception:e=begin 0, end -1, length 13
2019-03-05 22:45:28.724 [http-nio-8080-exec-7] ERROR com.my.blog.website.controller.GlobalExceptionHandler - find exception:e=begin 0, end -1, length 13
2019-03-05 22:45:28.890 [http-nio-8080-exec-8] ERROR com.my.blog.website.controller.GlobalExceptionHandler - find exception:e=begin 0, end -1, length 13
2019-03-05 22:45:29.061 [http-nio-8080-exec-9] ERROR com.my.blog.website.controller.GlobalExceptionHandler - find exception:e=begin 0, end -1, length 13
2019-03-05 22:45:29.215 [http-nio-8080-exec-10] ERROR com.my.blog.website.controller.GlobalExceptionHandler - find exception:e=begin 0, end -1, length 13
2019-03-05 22:45:29.382 [http-nio-8080-exec-1] ERROR com.my.blog.website.controller.GlobalExceptionHandler - find exception:e=begin 0, end -1, length 13
2019-03-05 22:48:01.436 [http-nio-8080-exec-3] ERROR com.my.blog.website.controller.GlobalExceptionHandler - find exception:e=begin 0, end -1, length 13
2019-03-05 22:48:02.313 [http-nio-8080-exec-4] ERROR com.my.blog.website.controller.GlobalExceptionHandler - find exception:e=begin 0, end -1, length 13
2019-03-05 22:48:02.445 [http-nio-8080-exec-5] ERROR com.my.blog.website.controller.GlobalExceptionHandler - find exception:e=begin 0, end -1, length 13
2019-03-05 22:48:02.565 [http-nio-8080-exec-6] ERROR com.my.blog.website.controller.GlobalExceptionHandler - find exception:e=begin 0, end -1, length 13
2019-03-05 22:49:48.639 [http-nio-8080-exec-8] ERROR com.my.blog.website.controller.GlobalExceptionHandler - find exception:e=begin 0, end -1, length 13
2019-03-05 22:49:48.835 [http-nio-8080-exec-9] ERROR com.my.blog.website.controller.GlobalExceptionHandler - find exception:e=begin 0, end -1, length 13
2019-03-05 22:49:48.987 [http-nio-8080-exec-10] ERROR com.my.blog.website.controller.GlobalExceptionHandler - find exception:e=begin 0, end -1, length 13
2019-03-05 22:49:49.120 [http-nio-8080-exec-1] ERROR com.my.blog.website.controller.GlobalExceptionHandler - find exception:e=begin 0, end -1, length 13
2019-03-05 22:51:08.722 [http-nio-8080-exec-4] INFO  com.my.blog.website.controller.admin.IndexController - Enter admin index method
2019-03-05 22:51:08.722 [http-nio-8080-exec-4] DEBUG com.my.blog.website.service.impl.SiteServiceImpl - Enter recentComments method:limit=5
2019-03-05 22:51:08.743 [http-nio-8080-exec-4] DEBUG com.my.blog.website.service.impl.SiteServiceImpl - Exit recentComments method
2019-03-05 22:51:08.743 [http-nio-8080-exec-4] DEBUG com.my.blog.website.service.impl.SiteServiceImpl - Enter recentContents method
2019-03-05 22:51:08.754 [http-nio-8080-exec-4] DEBUG com.my.blog.website.service.impl.SiteServiceImpl - Exit recentContents method
2019-03-05 22:51:08.754 [http-nio-8080-exec-4] DEBUG com.my.blog.website.service.impl.SiteServiceImpl - Enter getStatistics method
2019-03-05 22:51:08.765 [http-nio-8080-exec-4] DEBUG com.my.blog.website.service.impl.SiteServiceImpl - Exit getStatistics method
2019-03-05 22:51:08.765 [http-nio-8080-exec-4] DEBUG com.my.blog.website.service.impl.LogServiceImpl - Enter getLogs method:page=1,linit=5
2019-03-05 22:51:08.769 [http-nio-8080-exec-4] DEBUG com.my.blog.website.service.impl.LogServiceImpl - Exit getLogs method
2019-03-05 22:51:08.769 [http-nio-8080-exec-4] INFO  com.my.blog.website.controller.admin.IndexController - Exit admin index method
2019-03-05 22:51:25.225 [http-nio-8080-exec-7] ERROR com.my.blog.website.controller.GlobalExceptionHandler - find exception:e=begin 0, end -1, length 13
2019-03-05 22:51:35.761 [http-nio-8080-exec-8] ERROR com.my.blog.website.controller.GlobalExceptionHandler - find exception:e=begin 0, end -1, length 13
2019-03-05 22:51:36.148 [http-nio-8080-exec-9] ERROR com.my.blog.website.controller.GlobalExceptionHandler - find exception:e=begin 0, end -1, length 13
2019-03-05 22:51:36.302 [http-nio-8080-exec-10] ERROR com.my.blog.website.controller.GlobalExceptionHandler - find exception:e=begin 0, end -1, length 13
2019-03-05 22:51:36.463 [http-nio-8080-exec-1] ERROR com.my.blog.website.controller.GlobalExceptionHandler - find exception:e=begin 0, end -1, length 13
2019-03-05 22:51:36.902 [http-nio-8080-exec-2] ERROR com.my.blog.website.controller.GlobalExceptionHandler - find exception:e=begin 0, end -1, length 13
2019-03-05 22:51:37.069 [http-nio-8080-exec-3] ERROR com.my.blog.website.controller.GlobalExceptionHandler - find exception:e=begin 0, end -1, length 13
2019-03-05 22:51:37.222 [http-nio-8080-exec-4] ERROR com.my.blog.website.controller.GlobalExceptionHandler - find exception:e=begin 0, end -1, length 13
2019-03-05 22:51:37.381 [http-nio-8080-exec-5] ERROR com.my.blog.website.controller.GlobalExceptionHandler - find exception:e=begin 0, end -1, length 13
2019-03-05 22:51:37.547 [http-nio-8080-exec-6] ERROR com.my.blog.website.controller.GlobalExceptionHandler - find exception:e=begin 0, end -1, length 13
2019-03-05 22:51:37.779 [http-nio-8080-exec-7] ERROR com.my.blog.website.controller.GlobalExceptionHandler - find exception:e=begin 0, end -1, length 13
2019-03-05 22:51:37.943 [http-nio-8080-exec-8] ERROR com.my.blog.website.controller.GlobalExceptionHandler - find exception:e=begin 0, end -1, length 13
2019-03-05 22:51:38.097 [http-nio-8080-exec-9] ERROR com.my.blog.website.controller.GlobalExceptionHandler - find exception:e=begin 0, end -1, length 13
2019-03-05 22:51:38.274 [http-nio-8080-exec-10] ERROR com.my.blog.website.controller.GlobalExceptionHandler - find exception:e=begin 0, end -1, length 13
2019-03-05 22:51:38.966 [http-nio-8080-exec-1] ERROR com.my.blog.website.controller.GlobalExceptionHandler - find exception:e=begin 0, end -1, length 13
2019-03-05 22:51:39.152 [http-nio-8080-exec-2] ERROR com.my.blog.website.controller.GlobalExceptionHandler - find exception:e=begin 0, end -1, length 13
2019-03-05 22:51:39.315 [http-nio-8080-exec-3] ERROR com.my.blog.website.controller.GlobalExceptionHandler - find exception:e=begin 0, end -1, length 13
2019-03-05 22:51:39.474 [http-nio-8080-exec-4] ERROR com.my.blog.website.controller.GlobalExceptionHandler - find exception:e=begin 0, end -1, length 13
2019-03-05 22:51:40.410 [http-nio-8080-exec-5] ERROR com.my.blog.website.controller.GlobalExceptionHandler - find exception:e=begin 0, end -1, length 13
2019-03-05 22:51:40.567 [http-nio-8080-exec-6] ERROR com.my.blog.website.controller.GlobalExceptionHandler - find exception:e=begin 0, end -1, length 13
2019-03-05 22:51:40.721 [http-nio-8080-exec-7] ERROR com.my.blog.website.controller.GlobalExceptionHandler - find exception:e=begin 0, end -1, length 13
2019-03-05 22:51:40.878 [http-nio-8080-exec-8] ERROR com.my.blog.website.controller.GlobalExceptionHandler - find exception:e=begin 0, end -1, length 13
2019-03-05 22:51:41.022 [http-nio-8080-exec-9] ERROR com.my.blog.website.controller.GlobalExceptionHandler - find exception:e=begin 0, end -1, length 13
2019-03-05 22:51:48.117 [http-nio-8080-exec-10] ERROR com.my.blog.website.controller.GlobalExceptionHandler - find exception:e=begin 0, end -1, length 13
2019-03-05 22:51:48.263 [http-nio-8080-exec-1] ERROR com.my.blog.website.controller.GlobalExceptionHandler - find exception:e=begin 0, end -1, length 13
2019-03-05 22:51:48.397 [http-nio-8080-exec-2] ERROR com.my.blog.website.controller.GlobalExceptionHandler - find exception:e=begin 0, end -1, length 13
2019-03-05 22:53:27.858 [http-nio-8080-exec-4] ERROR com.my.blog.website.controller.GlobalExceptionHandler - find exception:e=begin 0, end -1, length 13
2019-03-05 22:53:28.322 [http-nio-8080-exec-5] ERROR com.my.blog.website.controller.GlobalExceptionHandler - find exception:e=begin 0, end -1, length 13
2019-03-05 22:53:28.478 [http-nio-8080-exec-6] ERROR com.my.blog.website.controller.GlobalExceptionHandler - find exception:e=begin 0, end -1, length 13
2019-03-05 22:53:28.621 [http-nio-8080-exec-7] ERROR com.my.blog.website.controller.GlobalExceptionHandler - find exception:e=begin 0, end -1, length 13
2019-03-05 22:53:28.782 [http-nio-8080-exec-8] ERROR com.my.blog.website.controller.GlobalExceptionHandler - find exception:e=begin 0, end -1, length 13
2019-03-05 22:53:51.019 [http-nio-8080-exec-2] ERROR com.my.blog.website.controller.GlobalExceptionHandler - find exception:e=begin 0, end -1, length 13
2019-03-05 22:53:51.167 [http-nio-8080-exec-3] ERROR com.my.blog.website.controller.GlobalExceptionHandler - find exception:e=begin 0, end -1, length 13
2019-03-05 22:53:51.304 [http-nio-8080-exec-4] ERROR com.my.blog.website.controller.GlobalExceptionHandler - find exception:e=begin 0, end -1, length 13
2019-03-05 22:53:51.445 [http-nio-8080-exec-5] ERROR com.my.blog.website.controller.GlobalExceptionHandler - find exception:e=begin 0, end -1, length 13
2019-03-05 22:53:51.596 [http-nio-8080-exec-6] ERROR com.my.blog.website.controller.GlobalExceptionHandler - find exception:e=begin 0, end -1, length 13
2019-03-05 22:53:51.846 [http-nio-8080-exec-7] ERROR com.my.blog.website.controller.GlobalExceptionHandler - find exception:e=begin 0, end -1, length 13
2019-03-05 22:55:47.768 [http-nio-8080-exec-9] ERROR com.my.blog.website.controller.GlobalExceptionHandler - find exception:e=begin 0, end -1, length 13
2019-03-05 22:55:48.150 [http-nio-8080-exec-10] ERROR com.my.blog.website.controller.GlobalExceptionHandler - find exception:e=begin 0, end -1, length 13
2019-03-05 22:55:48.301 [http-nio-8080-exec-1] ERROR com.my.blog.website.controller.GlobalExceptionHandler - find exception:e=begin 0, end -1, length 13
2019-03-05 23:12:03.585 [http-nio-8080-exec-3] ERROR com.my.blog.website.controller.GlobalExceptionHandler - find exception:e=begin 0, end -1, length 13
2019-03-05 23:15:56.681 [http-nio-8080-exec-4] INFO  com.my.blog.website.controller.admin.IndexController - Enter admin index method
2019-03-05 23:15:56.682 [http-nio-8080-exec-4] DEBUG com.my.blog.website.service.impl.SiteServiceImpl - Enter recentComments method:limit=5
2019-03-05 23:15:56.712 [http-nio-8080-exec-4] DEBUG com.my.blog.website.service.impl.SiteServiceImpl - Exit recentComments method
2019-03-05 23:15:56.712 [http-nio-8080-exec-4] DEBUG com.my.blog.website.service.impl.SiteServiceImpl - Enter recentContents method
2019-03-05 23:15:56.725 [http-nio-8080-exec-4] DEBUG com.my.blog.website.service.impl.SiteServiceImpl - Exit recentContents method
2019-03-05 23:15:56.726 [http-nio-8080-exec-4] DEBUG com.my.blog.website.service.impl.SiteServiceImpl - Enter getStatistics method
2019-03-05 23:15:56.739 [http-nio-8080-exec-4] DEBUG com.my.blog.website.service.impl.SiteServiceImpl - Exit getStatistics method
2019-03-05 23:15:56.739 [http-nio-8080-exec-4] DEBUG com.my.blog.website.service.impl.LogServiceImpl - Enter getLogs method:page=1,linit=5
2019-03-05 23:15:56.745 [http-nio-8080-exec-4] DEBUG com.my.blog.website.service.impl.LogServiceImpl - Exit getLogs method
2019-03-05 23:15:56.746 [http-nio-8080-exec-4] INFO  com.my.blog.website.controller.admin.IndexController - Exit admin index method
2019-03-05 23:16:41.671 [http-nio-8080-exec-7] DEBUG com.my.blog.website.service.impl.RelationshipServiceImpl - Enter countById method:cid=11,mid=1
2019-03-05 23:16:41.721 [http-nio-8080-exec-7] DEBUG com.my.blog.website.service.impl.RelationshipServiceImpl - Exit countById method return num=0
2019-03-05 23:17:31.411 [http-nio-8080-exec-6] DEBUG com.my.blog.website.service.impl.RelationshipServiceImpl - Enter countById method:cid=12,mid=1
2019-03-05 23:17:31.417 [http-nio-8080-exec-6] DEBUG com.my.blog.website.service.impl.RelationshipServiceImpl - Exit countById method return num=0
2019-03-05 23:17:55.943 [http-nio-8080-exec-1] DEBUG com.my.blog.website.service.impl.RelationshipServiceImpl - Enter countById method:cid=13,mid=1
2019-03-05 23:17:55.946 [http-nio-8080-exec-1] DEBUG com.my.blog.website.service.impl.RelationshipServiceImpl - Exit countById method return num=0
2019-03-05 23:19:53.264 [http-nio-8080-exec-6] DEBUG com.my.blog.website.service.impl.RelationshipServiceImpl - Enter countById method:cid=14,mid=7
2019-03-05 23:19:53.314 [http-nio-8080-exec-6] DEBUG com.my.blog.website.service.impl.RelationshipServiceImpl - Exit countById method return num=0
2019-03-05 23:22:54.273 [http-nio-8080-exec-4] DEBUG com.my.blog.website.service.impl.RelationshipServiceImpl - Enter countById method:cid=15,mid=1
2019-03-05 23:22:54.297 [http-nio-8080-exec-4] DEBUG com.my.blog.website.service.impl.RelationshipServiceImpl - Exit countById method return num=0
2019-03-05 23:28:03.999 [http-nio-8080-exec-5] INFO  com.my.blog.website.controller.admin.IndexController - Enter admin index method
2019-03-05 23:28:03.999 [http-nio-8080-exec-5] DEBUG com.my.blog.website.service.impl.SiteServiceImpl - Enter recentComments method:limit=5
2019-03-05 23:28:04.031 [http-nio-8080-exec-5] DEBUG com.my.blog.website.service.impl.SiteServiceImpl - Exit recentComments method
2019-03-05 23:28:04.031 [http-nio-8080-exec-5] DEBUG com.my.blog.website.service.impl.SiteServiceImpl - Enter recentContents method
2019-03-05 23:28:04.051 [http-nio-8080-exec-5] DEBUG com.my.blog.website.service.impl.SiteServiceImpl - Exit recentContents method
2019-03-05 23:28:04.051 [http-nio-8080-exec-5] DEBUG com.my.blog.website.service.impl.SiteServiceImpl - Enter getStatistics method
2019-03-05 23:28:04.076 [http-nio-8080-exec-5] DEBUG com.my.blog.website.service.impl.SiteServiceImpl - Exit getStatistics method
2019-03-05 23:28:04.076 [http-nio-8080-exec-5] DEBUG com.my.blog.website.service.impl.LogServiceImpl - Enter getLogs method:page=1,linit=5
2019-03-05 23:28:04.087 [http-nio-8080-exec-5] DEBUG com.my.blog.website.service.impl.LogServiceImpl - Exit getLogs method
2019-03-05 23:28:04.087 [http-nio-8080-exec-5] INFO  com.my.blog.website.controller.admin.IndexController - Exit admin index method
2019-03-05 23:28:17.440 [http-nio-8080-exec-9] DEBUG com.my.blog.website.service.impl.RelationshipServiceImpl - Enter countById method:cid=16,mid=7
2019-03-05 23:28:17.447 [http-nio-8080-exec-9] DEBUG com.my.blog.website.service.impl.RelationshipServiceImpl - Exit countById method return num=0
2019-03-05 23:30:15.780 [http-nio-8080-exec-9] DEBUG com.my.blog.website.service.impl.RelationshipServiceImpl - Enter countById method:cid=17,mid=7
2019-03-05 23:30:15.783 [http-nio-8080-exec-9] DEBUG com.my.blog.website.service.impl.RelationshipServiceImpl - Exit countById method return num=0
2019-03-05 23:37:39.221 [http-nio-8080-exec-10] DEBUG com.my.blog.website.service.impl.RelationshipServiceImpl - Enter countById method:cid=18,mid=7
2019-03-05 23:37:39.224 [http-nio-8080-exec-10] DEBUG com.my.blog.website.service.impl.RelationshipServiceImpl - Exit countById method return num=0
2019-03-05 23:38:07.899 [http-nio-8080-exec-4] INFO  com.my.blog.website.controller.admin.IndexController - Enter admin index method
2019-03-05 23:38:07.899 [http-nio-8080-exec-4] DEBUG com.my.blog.website.service.impl.SiteServiceImpl - Enter recentComments method:limit=5
2019-03-05 23:38:07.929 [http-nio-8080-exec-4] DEBUG com.my.blog.website.service.impl.SiteServiceImpl - Exit recentComments method
2019-03-05 23:38:07.929 [http-nio-8080-exec-4] DEBUG com.my.blog.website.service.impl.SiteServiceImpl - Enter recentContents method
2019-03-05 23:38:07.943 [http-nio-8080-exec-4] DEBUG com.my.blog.website.service.impl.SiteServiceImpl - Exit recentContents method
2019-03-05 23:38:07.944 [http-nio-8080-exec-4] DEBUG com.my.blog.website.service.impl.SiteServiceImpl - Enter getStatistics method
2019-03-05 23:38:07.958 [http-nio-8080-exec-4] DEBUG com.my.blog.website.service.impl.SiteServiceImpl - Exit getStatistics method
2019-03-05 23:38:07.958 [http-nio-8080-exec-4] DEBUG com.my.blog.website.service.impl.LogServiceImpl - Enter getLogs method:page=1,linit=5
2019-03-05 23:38:07.963 [http-nio-8080-exec-4] DEBUG com.my.blog.website.service.impl.LogServiceImpl - Exit getLogs method
2019-03-05 23:38:07.963 [http-nio-8080-exec-4] INFO  com.my.blog.website.controller.admin.IndexController - Exit admin index method
2019-03-05 23:39:57.901 [http-nio-8080-exec-7] DEBUG com.my.blog.website.service.impl.RelationshipServiceImpl - Enter countById method:cid=19,mid=7
2019-03-05 23:39:57.907 [http-nio-8080-exec-7] DEBUG com.my.blog.website.service.impl.RelationshipServiceImpl - Exit countById method return num=0
2019-03-05 23:41:14.771 [http-nio-8080-exec-1] DEBUG com.my.blog.website.service.impl.RelationshipServiceImpl - Enter countById method:cid=20,mid=7
2019-03-05 23:41:14.796 [http-nio-8080-exec-1] DEBUG com.my.blog.website.service.impl.RelationshipServiceImpl - Exit countById method return num=0
2019-03-05 23:44:35.182 [http-nio-8080-exec-3] DEBUG com.my.blog.website.service.impl.RelationshipServiceImpl - Enter countById method:cid=21,mid=7
2019-03-05 23:44:35.184 [http-nio-8080-exec-3] DEBUG com.my.blog.website.service.impl.RelationshipServiceImpl - Exit countById method return num=0
2019-03-05 23:45:52.842 [http-nio-8080-exec-4] INFO  com.my.blog.website.controller.admin.IndexController - Enter admin index method
2019-03-05 23:45:52.842 [http-nio-8080-exec-4] DEBUG com.my.blog.website.service.impl.SiteServiceImpl - Enter recentComments method:limit=5
2019-03-05 23:45:52.873 [http-nio-8080-exec-4] DEBUG com.my.blog.website.service.impl.SiteServiceImpl - Exit recentComments method
2019-03-05 23:45:52.873 [http-nio-8080-exec-4] DEBUG com.my.blog.website.service.impl.SiteServiceImpl - Enter recentContents method
2019-03-05 23:45:52.887 [http-nio-8080-exec-4] DEBUG com.my.blog.website.service.impl.SiteServiceImpl - Exit recentContents method
2019-03-05 23:45:52.887 [http-nio-8080-exec-4] DEBUG com.my.blog.website.service.impl.SiteServiceImpl - Enter getStatistics method
2019-03-05 23:45:52.897 [http-nio-8080-exec-4] DEBUG com.my.blog.website.service.impl.SiteServiceImpl - Exit getStatistics method
2019-03-05 23:45:52.898 [http-nio-8080-exec-4] DEBUG com.my.blog.website.service.impl.LogServiceImpl - Enter getLogs method:page=1,linit=5
2019-03-05 23:45:52.903 [http-nio-8080-exec-4] DEBUG com.my.blog.website.service.impl.LogServiceImpl - Exit getLogs method
2019-03-05 23:45:52.903 [http-nio-8080-exec-4] INFO  com.my.blog.website.controller.admin.IndexController - Exit admin index method
2019-03-05 23:46:42.233 [http-nio-8080-exec-7] DEBUG com.my.blog.website.service.impl.RelationshipServiceImpl - Enter countById method:cid=22,mid=7
2019-03-05 23:46:42.276 [http-nio-8080-exec-7] DEBUG com.my.blog.website.service.impl.RelationshipServiceImpl - Exit countById method return num=0
2019-03-05 23:50:02.585 [http-nio-8080-exec-4] INFO  com.my.blog.website.controller.admin.IndexController - Enter admin index method
2019-03-05 23:50:02.586 [http-nio-8080-exec-4] DEBUG com.my.blog.website.service.impl.SiteServiceImpl - Enter recentComments method:limit=5
2019-03-05 23:50:02.614 [http-nio-8080-exec-4] DEBUG com.my.blog.website.service.impl.SiteServiceImpl - Exit recentComments method
2019-03-05 23:50:02.614 [http-nio-8080-exec-4] DEBUG com.my.blog.website.service.impl.SiteServiceImpl - Enter recentContents method
2019-03-05 23:50:02.626 [http-nio-8080-exec-4] DEBUG com.my.blog.website.service.impl.SiteServiceImpl - Exit recentContents method
2019-03-05 23:50:02.626 [http-nio-8080-exec-4] DEBUG com.my.blog.website.service.impl.SiteServiceImpl - Enter getStatistics method
2019-03-05 23:50:02.636 [http-nio-8080-exec-4] DEBUG com.my.blog.website.service.impl.SiteServiceImpl - Exit getStatistics method
2019-03-05 23:50:02.636 [http-nio-8080-exec-4] DEBUG com.my.blog.website.service.impl.LogServiceImpl - Enter getLogs method:page=1,linit=5
2019-03-05 23:50:02.641 [http-nio-8080-exec-4] DEBUG com.my.blog.website.service.impl.LogServiceImpl - Exit getLogs method
2019-03-05 23:50:02.641 [http-nio-8080-exec-4] INFO  com.my.blog.website.controller.admin.IndexController - Exit admin index method
2019-03-05 23:50:15.495 [http-nio-8080-exec-7] DEBUG com.my.blog.website.service.impl.RelationshipServiceImpl - Enter countById method:cid=23,mid=7
2019-03-05 23:50:15.500 [http-nio-8080-exec-7] DEBUG com.my.blog.website.service.impl.RelationshipServiceImpl - Exit countById method return num=0
2019-03-05 23:51:51.392 [http-nio-8080-exec-5] INFO  com.my.blog.website.controller.admin.IndexController - Enter admin index method
2019-03-05 23:51:51.392 [http-nio-8080-exec-5] DEBUG com.my.blog.website.service.impl.SiteServiceImpl - Enter recentComments method:limit=5
2019-03-05 23:51:51.422 [http-nio-8080-exec-5] DEBUG com.my.blog.website.service.impl.SiteServiceImpl - Exit recentComments method
2019-03-05 23:51:51.422 [http-nio-8080-exec-5] DEBUG com.my.blog.website.service.impl.SiteServiceImpl - Enter recentContents method
2019-03-05 23:51:51.435 [http-nio-8080-exec-5] DEBUG com.my.blog.website.service.impl.SiteServiceImpl - Exit recentContents method
2019-03-05 23:51:51.435 [http-nio-8080-exec-5] DEBUG com.my.blog.website.service.impl.SiteServiceImpl - Enter getStatistics method
2019-03-05 23:51:51.446 [http-nio-8080-exec-5] DEBUG com.my.blog.website.service.impl.SiteServiceImpl - Exit getStatistics method
2019-03-05 23:51:51.446 [http-nio-8080-exec-5] DEBUG com.my.blog.website.service.impl.LogServiceImpl - Enter getLogs method:page=1,linit=5
2019-03-05 23:51:51.451 [http-nio-8080-exec-5] DEBUG com.my.blog.website.service.impl.LogServiceImpl - Exit getLogs method
2019-03-05 23:51:51.451 [http-nio-8080-exec-5] INFO  com.my.blog.website.controller.admin.IndexController - Exit admin index method
2019-03-05 23:53:35.098 [http-nio-8080-exec-8] DEBUG com.my.blog.website.service.impl.RelationshipServiceImpl - Enter countById method:cid=24,mid=7
2019-03-05 23:53:35.140 [http-nio-8080-exec-8] DEBUG com.my.blog.website.service.impl.RelationshipServiceImpl - Exit countById method return num=0
2019-03-06 00:04:10.600 [http-nio-8080-exec-5] DEBUG com.my.blog.website.service.impl.RelationshipServiceImpl - Enter countById method:cid=25,mid=7
2019-03-06 00:04:10.604 [http-nio-8080-exec-5] DEBUG com.my.blog.website.service.impl.RelationshipServiceImpl - Exit countById method return num=0
2019-03-06 00:04:30.779 [http-nio-8080-exec-5] INFO  com.my.blog.website.controller.admin.IndexController - Enter admin index method
2019-03-06 00:04:30.779 [http-nio-8080-exec-5] DEBUG com.my.blog.website.service.impl.SiteServiceImpl - Enter recentComments method:limit=5
2019-03-06 00:04:30.805 [http-nio-8080-exec-5] DEBUG com.my.blog.website.service.impl.SiteServiceImpl - Exit recentComments method
2019-03-06 00:04:30.805 [http-nio-8080-exec-5] DEBUG com.my.blog.website.service.impl.SiteServiceImpl - Enter recentContents method
2019-03-06 00:04:30.818 [http-nio-8080-exec-5] DEBUG com.my.blog.website.service.impl.SiteServiceImpl - Exit recentContents method
2019-03-06 00:04:30.818 [http-nio-8080-exec-5] DEBUG com.my.blog.website.service.impl.SiteServiceImpl - Enter getStatistics method
2019-03-06 00:04:30.828 [http-nio-8080-exec-5] DEBUG com.my.blog.website.service.impl.SiteServiceImpl - Exit getStatistics method
2019-03-06 00:04:30.828 [http-nio-8080-exec-5] DEBUG com.my.blog.website.service.impl.LogServiceImpl - Enter getLogs method:page=1,linit=5
2019-03-06 00:04:30.834 [http-nio-8080-exec-5] DEBUG com.my.blog.website.service.impl.LogServiceImpl - Exit getLogs method
2019-03-06 00:04:30.834 [http-nio-8080-exec-5] INFO  com.my.blog.website.controller.admin.IndexController - Exit admin index method
2019-03-06 00:06:05.630 [http-nio-8080-exec-8] DEBUG com.my.blog.website.service.impl.RelationshipServiceImpl - Enter countById method:cid=26,mid=7
2019-03-06 00:06:05.635 [http-nio-8080-exec-8] DEBUG com.my.blog.website.service.impl.RelationshipServiceImpl - Exit countById method return num=0
2019-03-06 00:06:32.723 [http-nio-8080-exec-10] INFO  com.my.blog.website.controller.admin.IndexController - Enter admin index method
2019-03-06 00:06:32.723 [http-nio-8080-exec-10] DEBUG com.my.blog.website.service.impl.SiteServiceImpl - Enter recentComments method:limit=5
2019-03-06 00:06:32.731 [http-nio-8080-exec-10] DEBUG com.my.blog.website.service.impl.SiteServiceImpl - Exit recentComments method
2019-03-06 00:06:32.731 [http-nio-8080-exec-10] DEBUG com.my.blog.website.service.impl.SiteServiceImpl - Enter recentContents method
2019-03-06 00:06:32.744 [http-nio-8080-exec-10] DEBUG com.my.blog.website.service.impl.SiteServiceImpl - Exit recentContents method
2019-03-06 00:06:32.744 [http-nio-8080-exec-10] DEBUG com.my.blog.website.service.impl.SiteServiceImpl - Enter getStatistics method
2019-03-06 00:06:32.752 [http-nio-8080-exec-10] DEBUG com.my.blog.website.service.impl.SiteServiceImpl - Exit getStatistics method
2019-03-06 00:06:32.752 [http-nio-8080-exec-10] DEBUG com.my.blog.website.service.impl.LogServiceImpl - Enter getLogs method:page=1,linit=5
2019-03-06 00:06:32.759 [http-nio-8080-exec-10] DEBUG com.my.blog.website.service.impl.LogServiceImpl - Exit getLogs method
2019-03-06 00:06:32.759 [http-nio-8080-exec-10] INFO  com.my.blog.website.controller.admin.IndexController - Exit admin index method
2019-03-06 00:07:01.633 [http-nio-8080-exec-7] DEBUG com.my.blog.website.service.impl.RelationshipServiceImpl - Enter countById method:cid=27,mid=7
2019-03-06 00:07:01.641 [http-nio-8080-exec-7] DEBUG com.my.blog.website.service.impl.RelationshipServiceImpl - Exit countById method return num=0
2019-03-06 00:11:39.831 [http-nio-8080-exec-4] DEBUG com.my.blog.website.service.impl.RelationshipServiceImpl - Enter countById method:cid=28,mid=7
2019-03-06 00:11:39.854 [http-nio-8080-exec-4] DEBUG com.my.blog.website.service.impl.RelationshipServiceImpl - Exit countById method return num=0
2019-03-06 00:21:26.509 [http-nio-8080-exec-4] INFO  com.my.blog.website.controller.admin.IndexController - Enter admin index method
2019-03-06 00:21:26.509 [http-nio-8080-exec-4] DEBUG com.my.blog.website.service.impl.SiteServiceImpl - Enter recentComments method:limit=5
2019-03-06 00:21:26.535 [http-nio-8080-exec-4] DEBUG com.my.blog.website.service.impl.SiteServiceImpl - Exit recentComments method
2019-03-06 00:21:26.535 [http-nio-8080-exec-4] DEBUG com.my.blog.website.service.impl.SiteServiceImpl - Enter recentContents method
2019-03-06 00:21:26.550 [http-nio-8080-exec-4] DEBUG com.my.blog.website.service.impl.SiteServiceImpl - Exit recentContents method
2019-03-06 00:21:26.550 [http-nio-8080-exec-4] DEBUG com.my.blog.website.service.impl.SiteServiceImpl - Enter getStatistics method
2019-03-06 00:21:26.561 [http-nio-8080-exec-4] DEBUG com.my.blog.website.service.impl.SiteServiceImpl - Exit getStatistics method
2019-03-06 00:21:26.562 [http-nio-8080-exec-4] DEBUG com.my.blog.website.service.impl.LogServiceImpl - Enter getLogs method:page=1,linit=5
2019-03-06 00:21:26.568 [http-nio-8080-exec-4] DEBUG com.my.blog.website.service.impl.LogServiceImpl - Exit getLogs method
2019-03-06 00:21:26.568 [http-nio-8080-exec-4] INFO  com.my.blog.website.controller.admin.IndexController - Exit admin index method
2019-03-06 00:26:00.570 [http-nio-8080-exec-8] DEBUG com.my.blog.website.service.impl.RelationshipServiceImpl - Enter countById method:cid=30,mid=7
2019-03-06 00:26:00.610 [http-nio-8080-exec-8] DEBUG com.my.blog.website.service.impl.RelationshipServiceImpl - Exit countById method return num=0
2019-03-06 00:28:07.517 [http-nio-8080-exec-1] DEBUG com.my.blog.website.service.impl.RelationshipServiceImpl - Enter countById method:cid=31,mid=7
2019-03-06 00:28:07.521 [http-nio-8080-exec-1] DEBUG com.my.blog.website.service.impl.RelationshipServiceImpl - Exit countById method return num=0
2019-03-06 00:30:24.732 [http-nio-8080-exec-5] DEBUG com.my.blog.website.service.impl.RelationshipServiceImpl - Enter countById method:cid=32,mid=7
2019-03-06 00:30:24.735 [http-nio-8080-exec-5] DEBUG com.my.blog.website.service.impl.RelationshipServiceImpl - Exit countById method return num=0
2019-03-06 00:35:17.796 [http-nio-8080-exec-2] DEBUG com.my.blog.website.service.impl.RelationshipServiceImpl - Enter countById method:cid=33,mid=7
2019-03-06 00:35:17.830 [http-nio-8080-exec-2] DEBUG com.my.blog.website.service.impl.RelationshipServiceImpl - Exit countById method return num=0
2019-03-06 00:38:07.823 [http-nio-8080-exec-6] DEBUG com.my.blog.website.service.impl.RelationshipServiceImpl - Enter countById method:cid=34,mid=7
2019-03-06 00:38:07.848 [http-nio-8080-exec-6] DEBUG com.my.blog.website.service.impl.RelationshipServiceImpl - Exit countById method return num=0
2019-03-06 00:39:30.282 [http-nio-8080-exec-1] DEBUG com.my.blog.website.service.impl.RelationshipServiceImpl - Enter countById method:cid=35,mid=7
2019-03-06 00:39:30.305 [http-nio-8080-exec-1] DEBUG com.my.blog.website.service.impl.RelationshipServiceImpl - Exit countById method return num=0
2019-03-06 00:48:10.519 [http-nio-8080-exec-5] DEBUG com.my.blog.website.service.impl.RelationshipServiceImpl - Enter countById method:cid=36,mid=7
2019-03-06 00:48:10.547 [http-nio-8080-exec-5] DEBUG com.my.blog.website.service.impl.RelationshipServiceImpl - Exit countById method return num=0
2019-03-06 00:48:54.641 [http-nio-8080-exec-4] INFO  com.my.blog.website.controller.admin.IndexController - Enter admin index method
2019-03-06 00:48:54.641 [http-nio-8080-exec-4] DEBUG com.my.blog.website.service.impl.SiteServiceImpl - Enter recentComments method:limit=5
2019-03-06 00:48:54.668 [http-nio-8080-exec-4] DEBUG com.my.blog.website.service.impl.SiteServiceImpl - Exit recentComments method
2019-03-06 00:48:54.668 [http-nio-8080-exec-4] DEBUG com.my.blog.website.service.impl.SiteServiceImpl - Enter recentContents method
2019-03-06 00:48:54.682 [http-nio-8080-exec-4] DEBUG com.my.blog.website.service.impl.SiteServiceImpl - Exit recentContents method
2019-03-06 00:48:54.682 [http-nio-8080-exec-4] DEBUG com.my.blog.website.service.impl.SiteServiceImpl - Enter getStatistics method
2019-03-06 00:48:54.691 [http-nio-8080-exec-4] DEBUG com.my.blog.website.service.impl.SiteServiceImpl - Exit getStatistics method
2019-03-06 00:48:54.691 [http-nio-8080-exec-4] DEBUG com.my.blog.website.service.impl.LogServiceImpl - Enter getLogs method:page=1,linit=5
2019-03-06 00:48:54.697 [http-nio-8080-exec-4] DEBUG com.my.blog.website.service.impl.LogServiceImpl - Exit getLogs method
2019-03-06 00:48:54.697 [http-nio-8080-exec-4] INFO  com.my.blog.website.controller.admin.IndexController - Exit admin index method
2019-03-06 00:49:05.589 [http-nio-8080-exec-7] DEBUG com.my.blog.website.service.impl.RelationshipServiceImpl - Enter countById method:cid=37,mid=7
2019-03-06 00:49:05.595 [http-nio-8080-exec-7] DEBUG com.my.blog.website.service.impl.RelationshipServiceImpl - Exit countById method return num=0
2019-03-06 00:49:34.006 [http-nio-8080-exec-3] DEBUG com.my.blog.website.service.impl.RelationshipServiceImpl - Enter countById method:cid=38,mid=7
2019-03-06 00:49:34.009 [http-nio-8080-exec-3] DEBUG com.my.blog.website.service.impl.RelationshipServiceImpl - Exit countById method return num=0
2019-03-06 00:50:27.781 [http-nio-8080-exec-4] INFO  com.my.blog.website.controller.admin.IndexController - Enter admin index method
2019-03-06 00:50:27.781 [http-nio-8080-exec-4] DEBUG com.my.blog.website.service.impl.SiteServiceImpl - Enter recentComments method:limit=5
2019-03-06 00:50:27.808 [http-nio-8080-exec-4] DEBUG com.my.blog.website.service.impl.SiteServiceImpl - Exit recentComments method
2019-03-06 00:50:27.808 [http-nio-8080-exec-4] DEBUG com.my.blog.website.service.impl.SiteServiceImpl - Enter recentContents method
2019-03-06 00:50:27.822 [http-nio-8080-exec-4] DEBUG com.my.blog.website.service.impl.SiteServiceImpl - Exit recentContents method
2019-03-06 00:50:27.822 [http-nio-8080-exec-4] DEBUG com.my.blog.website.service.impl.SiteServiceImpl - Enter getStatistics method
2019-03-06 00:50:27.834 [http-nio-8080-exec-4] DEBUG com.my.blog.website.service.impl.SiteServiceImpl - Exit getStatistics method
2019-03-06 00:50:27.834 [http-nio-8080-exec-4] DEBUG com.my.blog.website.service.impl.LogServiceImpl - Enter getLogs method:page=1,linit=5
2019-03-06 00:50:27.839 [http-nio-8080-exec-4] DEBUG com.my.blog.website.service.impl.LogServiceImpl - Exit getLogs method
2019-03-06 00:50:27.839 [http-nio-8080-exec-4] INFO  com.my.blog.website.controller.admin.IndexController - Exit admin index method
2019-03-06 00:50:40.508 [http-nio-8080-exec-8] DEBUG com.my.blog.website.service.impl.RelationshipServiceImpl - Enter countById method:cid=39,mid=7
2019-03-06 00:50:40.514 [http-nio-8080-exec-8] DEBUG com.my.blog.website.service.impl.RelationshipServiceImpl - Exit countById method return num=0
2019-03-06 00:51:11.394 [http-nio-8080-exec-4] DEBUG com.my.blog.website.service.impl.RelationshipServiceImpl - Enter countById method:cid=40,mid=7
2019-03-06 00:51:11.399 [http-nio-8080-exec-4] DEBUG com.my.blog.website.service.impl.RelationshipServiceImpl - Exit countById method return num=0
2019-03-06 00:51:37.086 [http-nio-8080-exec-9] DEBUG com.my.blog.website.service.impl.RelationshipServiceImpl - Enter countById method:cid=41,mid=7
2019-03-06 00:51:37.088 [http-nio-8080-exec-9] DEBUG com.my.blog.website.service.impl.RelationshipServiceImpl - Exit countById method return num=0
2019-03-06 00:54:08.244 [http-nio-8080-exec-4] INFO  com.my.blog.website.controller.admin.IndexController - Enter admin index method
2019-03-06 00:54:08.244 [http-nio-8080-exec-4] DEBUG com.my.blog.website.service.impl.SiteServiceImpl - Enter recentComments method:limit=5
2019-03-06 00:54:08.270 [http-nio-8080-exec-4] DEBUG com.my.blog.website.service.impl.SiteServiceImpl - Exit recentComments method
2019-03-06 00:54:08.270 [http-nio-8080-exec-4] DEBUG com.my.blog.website.service.impl.SiteServiceImpl - Enter recentContents method
2019-03-06 00:54:08.281 [http-nio-8080-exec-4] DEBUG com.my.blog.website.service.impl.SiteServiceImpl - Exit recentContents method
2019-03-06 00:54:08.281 [http-nio-8080-exec-4] DEBUG com.my.blog.website.service.impl.SiteServiceImpl - Enter getStatistics method
2019-03-06 00:54:08.291 [http-nio-8080-exec-4] DEBUG com.my.blog.website.service.impl.SiteServiceImpl - Exit getStatistics method
2019-03-06 00:54:08.292 [http-nio-8080-exec-4] DEBUG com.my.blog.website.service.impl.LogServiceImpl - Enter getLogs method:page=1,linit=5
2019-03-06 00:54:08.296 [http-nio-8080-exec-4] DEBUG com.my.blog.website.service.impl.LogServiceImpl - Exit getLogs method
2019-03-06 00:54:08.296 [http-nio-8080-exec-4] INFO  com.my.blog.website.controller.admin.IndexController - Exit admin index method
2019-03-06 00:54:18.302 [http-nio-8080-exec-7] DEBUG com.my.blog.website.service.impl.RelationshipServiceImpl - Enter countById method:cid=42,mid=7
2019-03-06 00:54:18.310 [http-nio-8080-exec-7] DEBUG com.my.blog.website.service.impl.RelationshipServiceImpl - Exit countById method return num=0
2019-03-06 00:54:41.863 [http-nio-8080-exec-2] DEBUG com.my.blog.website.service.impl.RelationshipServiceImpl - Enter countById method:cid=43,mid=7
2019-03-06 00:54:41.866 [http-nio-8080-exec-2] DEBUG com.my.blog.website.service.impl.RelationshipServiceImpl - Exit countById method return num=0
2019-03-06 00:55:19.635 [http-nio-8080-exec-8] DEBUG com.my.blog.website.service.impl.RelationshipServiceImpl - Enter countById method:cid=44,mid=7
2019-03-06 00:55:19.636 [http-nio-8080-exec-8] DEBUG com.my.blog.website.service.impl.RelationshipServiceImpl - Exit countById method return num=0
2019-03-06 00:56:29.756 [http-nio-8080-exec-7] DEBUG com.my.blog.website.service.impl.RelationshipServiceImpl - Enter countById method:cid=45,mid=7
2019-03-06 00:56:29.758 [http-nio-8080-exec-7] DEBUG com.my.blog.website.service.impl.RelationshipServiceImpl - Exit countById method return num=0
